<?xml version="1.0" encoding="UTF-8"?>
<!-- Generated by org.testng.reporters.JUnitXMLReporter -->
<testsuite ignored="0" hostname="DESKTOP-BEA2E83" failures="0" tests="3" name="Default test" time="120.348" errors="0" timestamp="2024-04-01T11:53:22 EDT">
  <testcase classname="MobileTesting.Appium.TestCase_001" name="TC_001" time="39.861"/>
  <testcase classname="MobileTesting.Appium.TestCase_001" name="TC_002" time="19.157"/>
  <testcase classname="MobileTesting.Appium.TestCase_001" name="TC_002" time="29.174"/>
</testsuite> <!-- Default test -->
