<?xml version="1.0" encoding="UTF-8"?>
<!-- Generated by org.testng.reporters.JUnitXMLReporter -->
<testsuite ignored="0" hostname="DESKTOP-BEA2E83" failures="0" tests="3" name="SBETTests" time="151.056" errors="0" timestamp="2024-04-01T19:44:18 EDT">
  <testcase classname="MobileTesting.Appium.TestCase_001" name="NaviagteToLeaugesPage" time="49.552"/>
  <testcase classname="MobileTesting.Appium.TestCase_001" name="verifyDifferentLeagues" time="24.566"/>
  <testcase classname="MobileTesting.Appium.TestCase_001" name="verifyDifferentLeagues" time="33.471"/>
</testsuite> <!-- SBETTests -->
