<?xml version="1.0" encoding="UTF-8"?>
<!-- Generated by org.testng.reporters.JUnitXMLReporter -->
<testsuite ignored="0" hostname="DESKTOP-BEA2E83" failures="0" tests="3" name="SBETTests" time="143.145" errors="0" timestamp="02 Apr. 2024 00:19:22 GMT">
  <testcase classname="MobileTesting.Appium.TestCase_001" name="NaviagteToLeaugesPage" time="51.099"/>
  <testcase classname="MobileTesting.Appium.TestCase_001" name="verifyDifferentLeagues" time="23.398"/>
  <testcase classname="MobileTesting.Appium.TestCase_001" name="verifyDifferentLeagues" time="32.577"/>
</testsuite> <!-- SBETTests -->
