<?xml version="1.0" encoding="UTF-8"?>
<testsuite xmlns:xsi="http://www.w3.org/2001/XMLSchema-instance" xsi:noNamespaceSchemaLocation="https://maven.apache.org/surefire/maven-surefire-plugin/xsd/surefire-test-report-3.0.xsd" version="3.0" name="TestSuite" time="146.469" tests="3" errors="0" skipped="0" failures="0">
  <properties>
[...]
</properties>
  <testcase name="NaviagteToLeaugesPage" classname="MobileTesting.Appium.TestCase_001" time="50.6">
    <system-out><![CDATA[[TestNGContentHandler] [WARN] It is strongly recommended to add "<!DOCTYPE suite SYSTEM "http://testng.org/testng-1.0.dtd" >" at the top of your file, otherwise TestNG may fail or not work as expected.
&amp#27;[35m[Appium]&amp#27;[39m Welcome to Appium v2.0.1
&amp#27;[35m[Appium]&amp#27;[39m Non-default server args:
&amp#27;[35m[Appium]&amp#27;[39m { address: &amp#27;[32m'127.0.0.1'&amp#27;[39m }
&amp#27;[35m[Appium]&amp#27;[39m Attempting to load driver uiautomator2...
[debug] &amp#27;[35m[Appium]&amp#27;[39m Requiring driver at C:\Users\Yashwanth\.appium\node_modules\appium-uiautomator2-driver
&amp#27;[35m[Appium]&amp#27;[39m Appium REST http interface listener started on http://127.0.0.1:4723
&amp#27;[35m[Appium]&amp#27;[39m Available drivers:
&amp#27;[35m[Appium]&amp#27;[39m   - uiautomator2@2.29.10 (automationName 'UiAutomator2')
&amp#27;[35m[Appium]&amp#27;[39m No plugins have been installed. Use the "appium plugin" command to install the one(s) you want to use.
&amp#27;[38;5;0m[HTTP]&amp#27;[0m &amp#27;[37m-->&amp#27;[39m &amp#27;[37mGET&amp#27;[39m &amp#27;[37m/status&amp#27;[39m
&amp#27;[38;5;0m[HTTP]&amp#27;[0m &amp#27;[90m{}&amp#27;[39m
[debug] &amp#27;[38;5;16m[AppiumDriver@c31e]&amp#27;[0m Calling AppiumDriver.getStatus() with args: []
[debug] &amp#27;[38;5;16m[AppiumDriver@c31e]&amp#27;[0m Responding to client with driver.getStatus() result: {"build":{"version":"2.0.1"}}
&amp#27;[38;5;0m[HTTP]&amp#27;[0m &amp#27;[37m<-- GET /status &amp#27;[39m&amp#27;[32m200&amp#27;[39m &amp#27;[90m9 ms - 39&amp#27;[39m
&amp#27;[38;5;0m[HTTP]&amp#27;[0m &amp#27;[90m&amp#27;[39m
[debug] &amp#27;[38;5;0m[HTTP]&amp#27;[0m Request idempotency key: 28ac31c1-80d5-4f7c-a8a6-8a4d597689bd
&amp#27;[38;5;0m[HTTP]&amp#27;[0m &amp#27;[37m-->&amp#27;[39m &amp#27;[37mPOST&amp#27;[39m &amp#27;[37m/session&amp#27;[39m
&amp#27;[38;5;0m[HTTP]&amp#27;[0m &amp#27;[90m{"capabilities":{"firstMatch":[{}],"alwaysMatch":{"appium:app":"C:\\Users\\Yashwanth\\eclipse-workspace\\New eclipse\\Appium//src//test//java//resources//theScore_24.5.0_apkcombo.com.apk","appium:automationName":"UIAutomator2","appium:deviceName":"SBETPhone","platformName":"ANDROID"}}}&amp#27;[39m
[debug] &amp#27;[38;5;16m[AppiumDriver@c31e]&amp#27;[0m Calling AppiumDriver.createSession() with args: [null,null,{"firstMatch":[{}],"alwaysMatch":{"appium:app":"C:\\Users\\Yashwanth\\eclipse-workspace\\New eclipse\\Appium//src//test//java//resources//theScore_24.5.0_apkcombo.com.apk","appium:automationName":"UIAutomator2","appium:deviceName":"SBETPhone","platformName":"ANDROID"}}]
[debug] &amp#27;[38;5;16m[AppiumDriver@c31e]&amp#27;[0m Event 'newSessionRequested' logged at 1712017032384 (20:17:12 GMT-0400 (Eastern Daylight Saving Time))
&amp#27;[35m[Appium]&amp#27;[39m Attempting to find matching driver for automationName 'UIAutomator2' and platformName 'ANDROID'
&amp#27;[35m[Appium]&amp#27;[39m The 'uiautomator2' driver was installed and matched caps.
&amp#27;[35m[Appium]&amp#27;[39m Will require it at C:\Users\Yashwanth\.appium\node_modules\appium-uiautomator2-driver
[debug] &amp#27;[35m[Appium]&amp#27;[39m Requiring driver at C:\Users\Yashwanth\.appium\node_modules\appium-uiautomator2-driver
&amp#27;[38;5;16m[AppiumDriver@c31e]&amp#27;[0m Appium v2.0.1 creating new AndroidUiautomator2Driver (v2.29.10) session
&amp#27;[38;5;16m[AppiumDriver@c31e]&amp#27;[0m Checking BaseDriver versions for Appium and AndroidUiautomator2Driver
&amp#27;[38;5;16m[AppiumDriver@c31e]&amp#27;[0m Appium's BaseDriver version is 9.3.20
&amp#27;[38;5;16m[AppiumDriver@c31e]&amp#27;[0m AndroidUiautomator2Driver's BaseDriver version is 9.3.20
[debug] &amp#27;[38;5;32m[AndroidUiautomator2Driver@a46a]&amp#27;[0m Creating session with W3C capabilities: {
[debug] &amp#27;[38;5;32m[AndroidUiautomator2Driver@a46a]&amp#27;[0m   "alwaysMatch": {
[debug] &amp#27;[38;5;32m[AndroidUiautomator2Driver@a46a]&amp#27;[0m     "platformName": "ANDROID",
[debug] &amp#27;[38;5;32m[AndroidUiautomator2Driver@a46a]&amp#27;[0m     "appium:app": "C:\\Users\\Yashwanth\\eclipse-workspace\\New eclipse\\Appium//src//test//java//resources//theScore_24.5.0_apkcombo.com.apk",
[debug] &amp#27;[38;5;32m[AndroidUiautomator2Driver@a46a]&amp#27;[0m     "appium:automationName": "UIAutomator2",
[debug] &amp#27;[38;5;32m[AndroidUiautomator2Driver@a46a]&amp#27;[0m     "appium:deviceName": "SBETPhone"
[debug] &amp#27;[38;5;32m[AndroidUiautomator2Driver@a46a]&amp#27;[0m   },
[debug] &amp#27;[38;5;32m[AndroidUiautomator2Driver@a46a]&amp#27;[0m   "firstMatch": [
[debug] &amp#27;[38;5;32m[AndroidUiautomator2Driver@a46a]&amp#27;[0m     {}
[debug] &amp#27;[38;5;32m[AndroidUiautomator2Driver@a46a]&amp#27;[0m   ]
[debug] &amp#27;[38;5;32m[AndroidUiautomator2Driver@a46a]&amp#27;[0m }
&amp#27;[38;5;32m[AndroidUiautomator2Driver@a46a]&amp#27;[0m The following capabilities were provided, but are not recognized by Appium:
&amp#27;[38;5;32m[AndroidUiautomator2Driver@a46a]&amp#27;[0m   deviceName
&amp#27;[38;5;32m[AndroidUiautomator2Driver@a46a (f5791c54)]&amp#27;[0m Session created with session id: f5791c54-516f-4c1b-8a5f-3f594ad15b51
&amp#27;[38;5;48m[BaseDriver]&amp#27;[0m Using local app 'C:\Users\Yashwanth\eclipse-workspace\New eclipse\Appium//src//test//java//resources//theScore_24.5.0_apkcombo.com.apk'
[debug] &amp#27;[38;5;32m[AndroidUiautomator2Driver@a46a (f5791c54)]&amp#27;[0m Checking whether app is actually present
&amp#27;[38;5;64m[ADB]&amp#27;[0m Found 2 'build-tools' folders under 'C:\Users\Yashwanth\AppData\Local\Android\Sdk' (newest first):
&amp#27;[38;5;64m[ADB]&amp#27;[0m     C:\Users\Yashwanth\AppData\Local\Android\Sdk\build-tools\34.0.0
&amp#27;[38;5;64m[ADB]&amp#27;[0m     C:\Users\Yashwanth\AppData\Local\Android\Sdk\build-tools\33.0.1
&amp#27;[38;5;64m[ADB]&amp#27;[0m Using 'adb.exe' from 'C:\Users\Yashwanth\AppData\Local\Android\Sdk\platform-tools\adb.exe'
[debug] &amp#27;[38;5;64m[ADB]&amp#27;[0m Running 'C:\Users\Yashwanth\AppData\Local\Android\Sdk\platform-tools\adb.exe -P 5037 start-server'
&amp#27;[38;5;80m[AndroidDriver]&amp#27;[0m Retrieving device list
[debug] &amp#27;[38;5;64m[ADB]&amp#27;[0m Trying to find connected Android devices
[debug] &amp#27;[38;5;64m[ADB]&amp#27;[0m Getting connected devices
[debug] &amp#27;[38;5;64m[ADB]&amp#27;[0m Connected devices: [{"udid":"emulator-5554","state":"device"}]
&amp#27;[38;5;80m[AndroidDriver]&amp#27;[0m Using device: emulator-5554
&amp#27;[38;5;64m[ADB]&amp#27;[0m Using 'adb.exe' from 'C:\Users\Yashwanth\AppData\Local\Android\Sdk\platform-tools\adb.exe'
[debug] &amp#27;[38;5;64m[ADB]&amp#27;[0m Running 'C:\Users\Yashwanth\AppData\Local\Android\Sdk\platform-tools\adb.exe -P 5037 start-server'
[debug] &amp#27;[38;5;64m[ADB]&amp#27;[0m Setting device id to emulator-5554
[debug] &amp#27;[38;5;64m[ADB]&amp#27;[0m Running 'C:\Users\Yashwanth\AppData\Local\Android\Sdk\platform-tools\adb.exe -P 5037 -s emulator-5554 shell getprop ro.build.version.sdk'
[debug] &amp#27;[38;5;64m[ADB]&amp#27;[0m Current device property 'ro.build.version.sdk': 34
&amp#27;[38;5;64m[ADB]&amp#27;[0m Getting device platform version
[debug] &amp#27;[38;5;64m[ADB]&amp#27;[0m Running 'C:\Users\Yashwanth\AppData\Local\Android\Sdk\platform-tools\adb.exe -P 5037 -s emulator-5554 shell getprop ro.build.version.release'
[debug] &amp#27;[38;5;64m[ADB]&amp#27;[0m Current device property 'ro.build.version.release': 14
[debug] &amp#27;[38;5;64m[ADB]&amp#27;[0m Device API level: 34
&amp#27;[38;5;32m[AndroidUiautomator2Driver@a46a (f5791c54)]&amp#27;[0m Relaxing hidden api policy
[debug] &amp#27;[38;5;64m[ADB]&amp#27;[0m Running 'C:\Users\Yashwanth\AppData\Local\Android\Sdk\platform-tools\adb.exe -P 5037 -s emulator-5554 shell 'settings put global hidden_api_policy_pre_p_apps 1;settings put global hidden_api_policy_p_apps 1;settings put global hidden_api_policy 1''
[debug] &amp#27;[38;5;80m[AndroidDriver]&amp#27;[0m Parsing package and activity from app manifest
&amp#27;[38;5;64m[ADB]&amp#27;[0m Package name: 'com.fivemobile.thescore'
&amp#27;[38;5;64m[ADB]&amp#27;[0m Main activity name: 'com.fivemobile.thescore.ui.MainActivity'
[debug] &amp#27;[38;5;80m[AndroidDriver]&amp#27;[0m Parsed package and activity are: com.fivemobile.thescore/com.fivemobile.thescore.ui.MainActivity
[debug] &amp#27;[38;5;64m[ADB]&amp#27;[0m Running 'C:\Users\Yashwanth\AppData\Local\Android\Sdk\platform-tools\adb.exe -P 5037 -s emulator-5554 wait-for-device'
[debug] &amp#27;[38;5;64m[ADB]&amp#27;[0m Running 'C:\Users\Yashwanth\AppData\Local\Android\Sdk\platform-tools\adb.exe -P 5037 -s emulator-5554 shell echo ping'
[debug] &amp#27;[38;5;80m[AndroidDriver]&amp#27;[0m Pushing settings apk to device...
[debug] &amp#27;[38;5;64m[ADB]&amp#27;[0m Getting package info for 'io.appium.settings'
[debug] &amp#27;[38;5;64m[ADB]&amp#27;[0m Running 'C:\Users\Yashwanth\AppData\Local\Android\Sdk\platform-tools\adb.exe -P 5037 -s emulator-5554 shell dumpsys package io.appium.settings'
[debug] &amp#27;[38;5;64m[ADB]&amp#27;[0m The version name of the installed 'io.appium.settings' is greater or equal to the application version name ('5.1.2' >= '5.1.2')
[debug] &amp#27;[38;5;64m[ADB]&amp#27;[0m There is no need to install/upgrade 'C:\Users\Yashwanth\.appium\node_modules\appium-uiautomator2-driver\node_modules\io.appium.settings\apks\settings_apk-debug.apk'
[debug] &amp#27;[38;5;64m[ADB]&amp#27;[0m Getting IDs of all 'io.appium.settings' processes
[debug] &amp#27;[38;5;64m[ADB]&amp#27;[0m Running 'C:\Users\Yashwanth\AppData\Local\Android\Sdk\platform-tools\adb.exe -P 5037 -s emulator-5554 shell 'pgrep --help; echo $?''
[debug] &amp#27;[38;5;64m[ADB]&amp#27;[0m Running 'C:\Users\Yashwanth\AppData\Local\Android\Sdk\platform-tools\adb.exe -P 5037 -s emulator-5554 shell pgrep -f \(\[\[:blank:\]\]\|\^\)io\.appium\.settings\(\[\[:blank:\]\]\|\$\)'
[debug] &amp#27;[38;5;80m[AndroidDriver]&amp#27;[0m io.appium.settings is already running. There is no need to reset its permissions.
[debug] &amp#27;[38;5;96m[Logcat]&amp#27;[0m Starting logs capture with command: C:\\Users\\Yashwanth\\AppData\\Local\\Android\\Sdk\\platform-tools\\adb.exe -P 5037 -s emulator-5554 logcat -v threadtime
[debug] &amp#27;[38;5;32m[AndroidUiautomator2Driver@a46a (f5791c54)]&amp#27;[0m Forwarding UiAutomator2 Server port 6790 to local port 8200
[debug] &amp#27;[38;5;64m[ADB]&amp#27;[0m Forwarding system: 8200 to device: 6790
[debug] &amp#27;[38;5;64m[ADB]&amp#27;[0m Running 'C:\Users\Yashwanth\AppData\Local\Android\Sdk\platform-tools\adb.exe -P 5037 -s emulator-5554 forward tcp:8200 tcp:6790'
[debug] &amp#27;[38;5;64m[ADB]&amp#27;[0m Checking app cert for C:\Users\Yashwanth\.appium\node_modules\appium-uiautomator2-driver\node_modules\appium-uiautomator2-server\apks\appium-uiautomator2-server-v5.12.6.apk
[debug] &amp#27;[38;5;64m[ADB]&amp#27;[0m Checking app cert for C:\Users\Yashwanth\.appium\node_modules\appium-uiautomator2-driver\node_modules\appium-uiautomator2-server\apks\appium-uiautomator2-server-debug-androidTest.apk
&amp#27;[38;5;64m[ADB]&amp#27;[0m Using 'apksigner.jar' from 'C:\Users\Yashwanth\AppData\Local\Android\Sdk\build-tools\34.0.0\lib\apksigner.jar'
[debug] &amp#27;[38;5;64m[ADB]&amp#27;[0m Starting apksigner: 'C:\\Program Files\\Java\\jdk-11.0.9\\bin\\java.exe' -Xmx1024M -Xss1m -jar C:\\Users\\Yashwanth\\AppData\\Local\\Android\\Sdk\\build-tools\\34.0.0\\lib\\apksigner.jar verify --print-certs C:\\Users\\Yashwanth\\.appium\\node_modules\\appium-uiautomator2-driver\\node_modules\\appium-uiautomator2-server\\apks\\appium-uiautomator2-server-debug-androidTest.apk
[debug] &amp#27;[38;5;64m[ADB]&amp#27;[0m Starting apksigner: 'C:\\Program Files\\Java\\jdk-11.0.9\\bin\\java.exe' -Xmx1024M -Xss1m -jar C:\\Users\\Yashwanth\\AppData\\Local\\Android\\Sdk\\build-tools\\34.0.0\\lib\\apksigner.jar verify --print-certs C:\\Users\\Yashwanth\\.appium\\node_modules\\appium-uiautomator2-driver\\node_modules\\appium-uiautomator2-server\\apks\\appium-uiautomator2-server-v5.12.6.apk
[debug] &amp#27;[38;5;64m[ADB]&amp#27;[0m apksigner stdout: Signer #1 certificate DN: EMAILADDRESS=android@android.com, CN=Android, OU=Android, O=Android, L=Mountain View, ST=California, C=US
[debug] &amp#27;[38;5;64m[ADB]&amp#27;[0m Signer #1 certificate SHA-256 digest: a40da80a59d170caa950cf15c18c454d47a39b26989d8b640ecd745ba71bf5dc
[debug] &amp#27;[38;5;64m[ADB]&amp#27;[0m Signer #1 certificate SHA-1 digest: 61ed377e85d386a8dfee6b864bd85b0bfaa5af81
[debug] &amp#27;[38;5;64m[ADB]&amp#27;[0m Signer #1 certificate MD5 digest: e89b158e4bcf988ebd09eb83f5378e87
[debug] &amp#27;[38;5;64m[ADB]&amp#27;[0m 
[debug] &amp#27;[38;5;64m[ADB]&amp#27;[0m sha256 hash did match for 'appium-uiautomator2-server-debug-androidTest.apk'
&amp#27;[38;5;64m[ADB]&amp#27;[0m 'C:\Users\Yashwanth\.appium\node_modules\appium-uiautomator2-driver\node_modules\appium-uiautomator2-server\apks\appium-uiautomator2-server-debug-androidTest.apk' is signed with the default certificate
[debug] &amp#27;[38;5;64m[ADB]&amp#27;[0m Getting install status for io.appium.uiautomator2.server.test
[debug] &amp#27;[38;5;64m[ADB]&amp#27;[0m Running 'C:\Users\Yashwanth\AppData\Local\Android\Sdk\platform-tools\adb.exe -P 5037 -s emulator-5554 shell pm path io.appium.uiautomator2.server.test'
[debug] &amp#27;[38;5;64m[ADB]&amp#27;[0m 'io.appium.uiautomator2.server.test' is installed
[debug] &amp#27;[38;5;64m[ADB]&amp#27;[0m apksigner stdout: Signer #1 certificate DN: EMAILADDRESS=android@android.com, CN=Android, OU=Android, O=Android, L=Mountain View, ST=California, C=US
[debug] &amp#27;[38;5;64m[ADB]&amp#27;[0m Signer #1 certificate SHA-256 digest: a40da80a59d170caa950cf15c18c454d47a39b26989d8b640ecd745ba71bf5dc
[debug] &amp#27;[38;5;64m[ADB]&amp#27;[0m Signer #1 certificate SHA-1 digest: 61ed377e85d386a8dfee6b864bd85b0bfaa5af81
[debug] &amp#27;[38;5;64m[ADB]&amp#27;[0m Signer #1 certificate MD5 digest: e89b158e4bcf988ebd09eb83f5378e87
[debug] &amp#27;[38;5;64m[ADB]&amp#27;[0m 
[debug] &amp#27;[38;5;64m[ADB]&amp#27;[0m sha256 hash did match for 'appium-uiautomator2-server-v5.12.6.apk'
&amp#27;[38;5;64m[ADB]&amp#27;[0m 'C:\Users\Yashwanth\.appium\node_modules\appium-uiautomator2-driver\node_modules\appium-uiautomator2-server\apks\appium-uiautomator2-server-v5.12.6.apk' is signed with the default certificate
[debug] &amp#27;[38;5;64m[ADB]&amp#27;[0m Getting package info for 'io.appium.uiautomator2.server'
[debug] &amp#27;[38;5;64m[ADB]&amp#27;[0m Running 'C:\Users\Yashwanth\AppData\Local\Android\Sdk\platform-tools\adb.exe -P 5037 -s emulator-5554 shell dumpsys package io.appium.uiautomator2.server'
[debug] &amp#27;[38;5;64m[ADB]&amp#27;[0m The version name of the installed 'io.appium.uiautomator2.server' is greater or equal to the application version name ('5.12.6' >= '5.12.6')
[debug] &amp#27;[38;5;32m[AndroidUiautomator2Driver@a46a (f5791c54)]&amp#27;[0m Server packages status: [{"wasSigned":true,"installState":"sameVersionInstalled","appPath":"C:\\Users\\Yashwanth\\.appium\\node_modules\\appium-uiautomator2-driver\\node_modules\\appium-uiautomator2-server\\apks\\appium-uiautomator2-server-v5.12.6.apk","appId":"io.appium.uiautomator2.server"},{"wasSigned":true,"installState":"sameVersionInstalled","appPath":"C:\\Users\\Yashwanth\\.appium\\node_modules\\appium-uiautomator2-driver\\node_modules\\appium-uiautomator2-server\\apks\\appium-uiautomator2-server-debug-androidTest.apk","appId":"io.appium.uiautomator2.server.test"}]
&amp#27;[38;5;32m[AndroidUiautomator2Driver@a46a (f5791c54)]&amp#27;[0m Server packages are not going to be (re)installed
[debug] &amp#27;[38;5;32m[AndroidUiautomator2Driver@a46a (f5791c54)]&amp#27;[0m Waiting up to 30000ms for services to be available
[debug] &amp#27;[38;5;64m[ADB]&amp#27;[0m Running 'C:\Users\Yashwanth\AppData\Local\Android\Sdk\platform-tools\adb.exe -P 5037 -s emulator-5554 shell pm list instrumentation'
[debug] &amp#27;[38;5;32m[AndroidUiautomator2Driver@a46a (f5791c54)]&amp#27;[0m Instrumentation target 'io.appium.uiautomator2.server.test/androidx.test.runner.AndroidJUnitRunner' is available
&amp#27;[38;5;64m[ADB]&amp#27;[0m Adding packages ["io.appium.settings","io.appium.uiautomator2.server","io.appium.uiautomator2.server.test"] to Doze whitelist
[debug] &amp#27;[38;5;64m[ADB]&amp#27;[0m Got the following command chunks to execute: [["dumpsys","deviceidle","whitelist","+io.appium.settings",";","dumpsys","deviceidle","whitelist","+io.appium.uiautomator2.server",";","dumpsys","deviceidle","whitelist","+io.appium.uiautomator2.server.test",";"]]
[debug] &amp#27;[38;5;64m[ADB]&amp#27;[0m Running 'C:\Users\Yashwanth\AppData\Local\Android\Sdk\platform-tools\adb.exe -P 5037 -s emulator-5554 shell dumpsys deviceidle whitelist +io.appium.settings ; dumpsys deviceidle whitelist +io.appium.uiautomator2.server ; dumpsys deviceidle whitelist +io.appium.uiautomator2.server.test ;'
[debug] &amp#27;[38;5;64m[ADB]&amp#27;[0m Checking app cert for C:\Users\Yashwanth\eclipse-workspace\New eclipse\Appium//src//test//java//resources//theScore_24.5.0_apkcombo.com.apk
[debug] &amp#27;[38;5;64m[ADB]&amp#27;[0m Starting apksigner: 'C:\\Program Files\\Java\\jdk-11.0.9\\bin\\java.exe' -Xmx1024M -Xss1m -jar C:\\Users\\Yashwanth\\AppData\\Local\\Android\\Sdk\\build-tools\\34.0.0\\lib\\apksigner.jar verify --print-certs 'C:\\Users\\Yashwanth\\eclipse-workspace\\New eclipse\\Appium//src//test//java//resources//theScore_24.5.0_apkcombo.com.apk'
[debug] &amp#27;[38;5;64m[ADB]&amp#27;[0m apksigner stdout: Signer #1 certificate DN: CN=ScoreMobile, OU=ScoreMobile, O=Score, L=Toronto, ST=Ontario, C=CA
[debug] &amp#27;[38;5;64m[ADB]&amp#27;[0m Signer #1 certificate SHA-256 digest: 63a9d0d23a8c11b3828bbb9b208ccc893473385be13c1cd8b6d135c8cc0cb88e
[debug] &amp#27;[38;5;64m[ADB]&amp#27;[0m Signer #1 certificate SHA-1 digest: d22331e99824521955c733da11b15daabbb7b2d5
[debug] &amp#27;[38;5;64m[ADB]&amp#27;[0m Signer #1 certificate MD5 digest: a5556680c4c0d968c21888f672406656
[debug] &amp#27;[38;5;64m[ADB]&amp#27;[0m Source Stamp Signer certificate DN: CN=Android, OU=Android, O=Google Inc., L=Mountain View, ST=California, C=US
[debug] &amp#27;[38;5;64m[ADB]&amp#27;[0m Source Stamp Signer certificate SHA-256 digest: 3257d599a49d2c961a471ca9843f59d341a405884583fc087df4237b733bbd6d
[debug] &amp#27;[38;5;64m[ADB]&amp#27;[0m Source Stamp Signer certificate SHA-1 digest: b1af3a0bf998aeede1a8716a539e5a59da1d86d6
[debug] &amp#27;[38;5;64m[ADB]&amp#27;[0m Source Stamp Signer certificate MD5 digest: 577b8a9fbc7e308321aec6411169d2fb
[debug] &amp#27;[38;5;64m[ADB]&amp#27;[0m 
&amp#27;[38;5;64m[ADB]&amp#27;[0m 'C:\Users\Yashwanth\eclipse-workspace\New eclipse\Appium//src//test//java//resources//theScore_24.5.0_apkcombo.com.apk' is signed with a non-default certificate
[debug] &amp#27;[38;5;64m[ADB]&amp#27;[0m Getting package info for 'com.fivemobile.thescore'
[debug] &amp#27;[38;5;64m[ADB]&amp#27;[0m Running 'C:\Users\Yashwanth\AppData\Local\Android\Sdk\platform-tools\adb.exe -P 5037 -s emulator-5554 shell dumpsys package com.fivemobile.thescore'
[debug] &amp#27;[38;5;64m[ADB]&amp#27;[0m The version name of the installed 'com.fivemobile.thescore' is greater or equal to the application version name ('24.5.0' >= '24.5.0')
[debug] &amp#27;[38;5;64m[ADB]&amp#27;[0m There is no need to install/upgrade 'C:\Users\Yashwanth\eclipse-workspace\New eclipse\Appium//src//test//java//resources//theScore_24.5.0_apkcombo.com.apk'
&amp#27;[38;5;80m[AndroidDriver]&amp#27;[0m Performing fast reset on 'com.fivemobile.thescore'
[debug] &amp#27;[38;5;64m[ADB]&amp#27;[0m Getting install status for com.fivemobile.thescore
[debug] &amp#27;[38;5;64m[ADB]&amp#27;[0m Running 'C:\Users\Yashwanth\AppData\Local\Android\Sdk\platform-tools\adb.exe -P 5037 -s emulator-5554 shell pm path com.fivemobile.thescore'
[debug] &amp#27;[38;5;64m[ADB]&amp#27;[0m 'com.fivemobile.thescore' is installed
[debug] &amp#27;[38;5;64m[ADB]&amp#27;[0m Running 'C:\Users\Yashwanth\AppData\Local\Android\Sdk\platform-tools\adb.exe -P 5037 -s emulator-5554 shell am force-stop com.fivemobile.thescore'
[debug] &amp#27;[38;5;64m[ADB]&amp#27;[0m Running 'C:\Users\Yashwanth\AppData\Local\Android\Sdk\platform-tools\adb.exe -P 5037 -s emulator-5554 shell pm clear com.fivemobile.thescore'
[debug] &amp#27;[38;5;80m[AndroidDriver]&amp#27;[0m Performed fast reset on the installed 'com.fivemobile.thescore' application (stop and clear)
[debug] &amp#27;[38;5;32m[AndroidUiautomator2Driver@a46a (f5791c54)]&amp#27;[0m Performing shallow cleanup of automation leftovers
[debug] &amp#27;[38;5;32m[AndroidUiautomator2Driver@a46a (f5791c54)]&amp#27;[0m No obsolete sessions have been detected (socket hang up)
[debug] &amp#27;[38;5;64m[ADB]&amp#27;[0m Running 'C:\Users\Yashwanth\AppData\Local\Android\Sdk\platform-tools\adb.exe -P 5037 -s emulator-5554 shell am force-stop io.appium.uiautomator2.server.test'
&amp#27;[38;5;32m[AndroidUiautomator2Driver@a46a (f5791c54)]&amp#27;[0m Starting UIAutomator2 server 5.12.6
&amp#27;[38;5;32m[AndroidUiautomator2Driver@a46a (f5791c54)]&amp#27;[0m Using UIAutomator2 server from 'C:\Users\Yashwanth\.appium\node_modules\appium-uiautomator2-driver\node_modules\appium-uiautomator2-server\apks\appium-uiautomator2-server-v5.12.6.apk' and test from 'C:\Users\Yashwanth\.appium\node_modules\appium-uiautomator2-driver\node_modules\appium-uiautomator2-server\apks\appium-uiautomator2-server-debug-androidTest.apk'
&amp#27;[38;5;32m[AndroidUiautomator2Driver@a46a (f5791c54)]&amp#27;[0m Waiting up to 30000ms for UiAutomator2 to be online...
[debug] &amp#27;[38;5;64m[ADB]&amp#27;[0m Creating ADB subprocess with args: ["-P","5037","-s","emulator-5554","shell","am","instrument","-w","-e","disableAnalytics",true,"io.appium.uiautomator2.server.test/androidx.test.runner.AndroidJUnitRunner"]
[debug] &amp#27;[38;5;32m[AndroidUiautomator2Driver@a46a (f5791c54)]&amp#27;[0m Matched '/status' to command name 'getStatus'
[debug] &amp#27;[38;5;32m[AndroidUiautomator2Driver@a46a (f5791c54)]&amp#27;[0m Proxying [GET /status] to [GET http://127.0.0.1:8200/status] with no body
&amp#27;[38;5;32m[AndroidUiautomator2Driver@a46a (f5791c54)]&amp#27;[0m socket hang up
[debug] &amp#27;[38;5;32m[AndroidUiautomator2Driver@a46a (f5791c54)]&amp#27;[0m Matched '/status' to command name 'getStatus'
[debug] &amp#27;[38;5;32m[AndroidUiautomator2Driver@a46a (f5791c54)]&amp#27;[0m Proxying [GET /status] to [GET http://127.0.0.1:8200/status] with no body
&amp#27;[38;5;32m[AndroidUiautomator2Driver@a46a (f5791c54)]&amp#27;[0m socket hang up
[debug] &amp#27;[38;5;32m[AndroidUiautomator2Driver@a46a (f5791c54)]&amp#27;[0m Matched '/status' to command name 'getStatus'
[debug] &amp#27;[38;5;32m[AndroidUiautomator2Driver@a46a (f5791c54)]&amp#27;[0m Proxying [GET /status] to [GET http://127.0.0.1:8200/status] with no body
&amp#27;[38;5;32m[AndroidUiautomator2Driver@a46a (f5791c54)]&amp#27;[0m socket hang up
[debug] &amp#27;[38;5;112m[Instrumentation]&amp#27;[0m io.appium.uiautomator2.server.test.AppiumUiAutomator2Server:
[debug] &amp#27;[38;5;32m[AndroidUiautomator2Driver@a46a (f5791c54)]&amp#27;[0m Matched '/status' to command name 'getStatus'
[debug] &amp#27;[38;5;32m[AndroidUiautomator2Driver@a46a (f5791c54)]&amp#27;[0m Proxying [GET /status] to [GET http://127.0.0.1:8200/status] with no body
&amp#27;[38;5;32m[AndroidUiautomator2Driver@a46a (f5791c54)]&amp#27;[0m socket hang up
[debug] &amp#27;[38;5;32m[AndroidUiautomator2Driver@a46a (f5791c54)]&amp#27;[0m Matched '/status' to command name 'getStatus'
[debug] &amp#27;[38;5;32m[AndroidUiautomator2Driver@a46a (f5791c54)]&amp#27;[0m Proxying [GET /status] to [GET http://127.0.0.1:8200/status] with no body
&amp#27;[38;5;32m[AndroidUiautomator2Driver@a46a (f5791c54)]&amp#27;[0m socket hang up
[debug] &amp#27;[38;5;32m[AndroidUiautomator2Driver@a46a (f5791c54)]&amp#27;[0m Matched '/status' to command name 'getStatus'
[debug] &amp#27;[38;5;32m[AndroidUiautomator2Driver@a46a (f5791c54)]&amp#27;[0m Proxying [GET /status] to [GET http://127.0.0.1:8200/status] with no body
[debug] &amp#27;[38;5;32m[AndroidUiautomator2Driver@a46a (f5791c54)]&amp#27;[0m Got response with status 200: {"sessionId":"None","value":{"message":"UiAutomator2 Server is ready to accept commands","ready":true}}
[debug] &amp#27;[38;5;32m[AndroidUiautomator2Driver@a46a (f5791c54)]&amp#27;[0m The initialization of the instrumentation process took 5536ms
[debug] &amp#27;[38;5;32m[AndroidUiautomator2Driver@a46a (f5791c54)]&amp#27;[0m Matched '/session' to command name 'createSession'
[debug] &amp#27;[38;5;32m[AndroidUiautomator2Driver@a46a (f5791c54)]&amp#27;[0m Proxying [POST /session] to [POST http://127.0.0.1:8200/session] with body: {"capabilities":{"firstMatch":[{"platform":"LINUX","webStorageEnabled":false,"takesScreenshot":true,"javascriptEnabled":true,"databaseEnabled":false,"networkConnectionEnabled":true,"locationContextEnabled":false,"warnings":{},"desired":{"platformName":"ANDROID","app":"C:\\Users\\Yashwanth\\eclipse-workspace\\New eclipse\\Appium//src//test//java//resources//theScore_24.5.0_apkcombo.com.apk","automationName":"UIAutomator2","deviceName":"SBETPhone"},"platformName":"ANDROID","app":"C:\\Users\\Yashwanth\\eclipse-workspace\\New eclipse\\Appium//src//test//java//resources//theScore_24.5.0_apkcombo.com.apk","automationName":"UIAutomator2","deviceName":"emulator-5554","deviceUDID":"emulator-5554","appPackage":"com.fivemobile.thescore"}],"alwaysMatch":{}}}
[debug] &amp#27;[38;5;32m[AndroidUiautomator2Driver@a46a (f5791c54)]&amp#27;[0m Got response with status 200: {"sessionId":"2cf476f3-3dbf-40a1-ba89-51ed09c07157","value":{"capabilities":{"firstMatch":[{"platform":"LINUX","webStorageEnabled":false,"takesScreenshot":true,"javascriptEnabled":true,"databaseEnabled":false,"networkConnectionEnabled":true,"locationContextEnabled":false,"warnings":{},"desired":{"platformName":"ANDROID","app":"C:\\Users\\Yashwanth\\eclipse-workspace\\New eclipse\\Appium//src//test//java//resources//theScore_24.5.0_apkcombo.com.apk","automationName":"UIAutomator2","deviceName":"SBETPhone"},"platformName":"ANDROID","app":"C:\\Users\\Yashwanth\\eclipse-workspace\\New eclipse\\Appium//src//test//java//resources//theScore_24.5.0_apkcombo.com.apk","automationName":"UIAutomator2","deviceName":"emulator-5554","deviceUDID":"emulator-5554","appPackage":"com.fivemobile.thescore"}],"alwaysMatch":{}},"sessionId":"2cf476f3-3dbf-40a1-ba89-51ed09c07157"}}
&amp#27;[38;5;32m[AndroidUiautomator2Driver@a46a (f5791c54)]&amp#27;[0m Determined the downstream protocol as 'W3C'
[debug] &amp#27;[38;5;32m[AndroidUiautomator2Driver@a46a (f5791c54)]&amp#27;[0m Proxying [GET /appium/device/info] to [GET http://127.0.0.1:8200/session/2cf476f3-3dbf-40a1-ba89-51ed09c07157/appium/device/info] with no body
[debug] &amp#27;[38;5;32m[AndroidUiautomator2Driver@a46a (f5791c54)]&amp#27;[0m Got response with status 200: {"sessionId":"2cf476f3-3dbf-40a1-ba89-51ed09c07157","value":{"androidId":"4114218c767f465d","apiVersion":"34","bluetooth":{"state":"ON"},"brand":"google","carrierName":"T-Mobile","displayDensity":560,"locale":"en_US","manufacturer":"Google","model":"sdk_gphone64_x86_64","networks":[{"capabilities":{"SSID":null,"linkDownBandwidthKbps":30000,"linkUpstreamBandwidthKbps":12000,"networkCapabilities":"NET_CAPABILITY_NOT_METERED,NET_CAPABILITY_INTERNET,NET_CAPABILITY_NOT_RESTRICTED,NET_CAPABILITY_TRUSTED,NET_CAPABILITY_NOT_VPN,NET_CAPABILITY_VALIDATED,NET_CAPABILITY_NOT_ROAMING,NET_CAPABILITY_FOREGROUND,NET_CAPABILITY_NOT_CONGESTED,NET_CAPABILITY_NOT_SUSPENDED","signalStrength":-50,"transportTypes":"TRANSPORT_WIFI"},"detailedState":"CONNECTED","extraInfo":"","isAvailable":true,"isConnected":true,"isFailover":false,"isRoaming":false,"state":"CONNECTED","subtype":-1,"subtypeName":"","type":1,"typeName":"WIFI"},{"capabilities":{"SSID":null,"linkDownBandwidthKbps":4300,"linkUpstreamBandwidthKbps":1800,"networkCapabil...
[debug] &amp#27;[38;5;64m[ADB]&amp#27;[0m Running 'C:\Users\Yashwanth\AppData\Local\Android\Sdk\platform-tools\adb.exe -P 5037 -s emulator-5554 shell dumpsys window'
&amp#27;[38;5;80m[AndroidDriver]&amp#27;[0m Screen already unlocked, doing nothing
&amp#27;[38;5;32m[AndroidUiautomator2Driver@a46a (f5791c54)]&amp#27;[0m Starting 'com.fivemobile.thescore/com.fivemobile.thescore.ui.MainActivity and waiting for 'com.fivemobile.thescore/com.fivemobile.thescore.ui.MainActivity'
[debug] &amp#27;[38;5;64m[ADB]&amp#27;[0m Running 'C:\Users\Yashwanth\AppData\Local\Android\Sdk\platform-tools\adb.exe -P 5037 -s emulator-5554 shell am start -W -n com.fivemobile.thescore/com.fivemobile.thescore.ui.MainActivity -S -a android.intent.action.MAIN -c android.intent.category.LAUNCHER -f 0x10200000'
[debug] &amp#27;[38;5;64m[ADB]&amp#27;[0m Waiting up to 20000ms for activity matching pkg: 'com.fivemobile.thescore' and activity: 'com.fivemobile.thescore.ui.MainActivity' to be focused
[debug] &amp#27;[38;5;64m[ADB]&amp#27;[0m Possible activities, to be checked: 'com.fivemobile.thescore.ui.MainActivity', 'com.fivemobile.thescore.com.fivemobile.thescore.ui.MainActivity'
[debug] &amp#27;[38;5;64m[ADB]&amp#27;[0m Getting focused package and activity
[debug] &amp#27;[38;5;64m[ADB]&amp#27;[0m Running 'C:\Users\Yashwanth\AppData\Local\Android\Sdk\platform-tools\adb.exe -P 5037 -s emulator-5554 shell dumpsys window displays'
[debug] &amp#27;[38;5;64m[ADB]&amp#27;[0m Found package: 'com.fivemobile.thescore' and fully qualified activity name : 'com.fivemobile.thescore.ui.MainActivity'
[debug] &amp#27;[38;5;32m[AndroidUiautomator2Driver@a46a (f5791c54)]&amp#27;[0m Proxying [GET /appium/device/pixel_ratio] to [GET http://127.0.0.1:8200/session/2cf476f3-3dbf-40a1-ba89-51ed09c07157/appium/device/pixel_ratio] with no body
[debug] &amp#27;[38;5;32m[AndroidUiautomator2Driver@a46a (f5791c54)]&amp#27;[0m Got response with status 200: {"sessionId":"2cf476f3-3dbf-40a1-ba89-51ed09c07157","value":3.5}
[debug] &amp#27;[38;5;32m[AndroidUiautomator2Driver@a46a (f5791c54)]&amp#27;[0m Matched '/appium/device/system_bars' to command name 'getSystemBars'
[debug] &amp#27;[38;5;32m[AndroidUiautomator2Driver@a46a (f5791c54)]&amp#27;[0m Proxying [GET /appium/device/system_bars] to [GET http://127.0.0.1:8200/session/2cf476f3-3dbf-40a1-ba89-51ed09c07157/appium/device/system_bars] with no body
[debug] &amp#27;[38;5;32m[AndroidUiautomator2Driver@a46a (f5791c54)]&amp#27;[0m Got response with status 200: {"sessionId":"2cf476f3-3dbf-40a1-ba89-51ed09c07157","value":{"statusBar":98}}
[debug] &amp#27;[38;5;32m[AndroidUiautomator2Driver@a46a (f5791c54)]&amp#27;[0m Matched '/window/current/size' to command name 'getWindowSize'
[debug] &amp#27;[38;5;32m[AndroidUiautomator2Driver@a46a (f5791c54)]&amp#27;[0m Proxying [GET /window/current/size] to [GET http://127.0.0.1:8200/session/2cf476f3-3dbf-40a1-ba89-51ed09c07157/window/current/size] with no body
[debug] &amp#27;[38;5;32m[AndroidUiautomator2Driver@a46a (f5791c54)]&amp#27;[0m Got response with status 200: {"sessionId":"2cf476f3-3dbf-40a1-ba89-51ed09c07157","value":{"height":2956,"width":1440}}
&amp#27;[38;5;16m[AppiumDriver@c31e]&amp#27;[0m New AndroidUiautomator2Driver session created successfully, session f5791c54-516f-4c1b-8a5f-3f594ad15b51 added to master session list
[debug] &amp#27;[38;5;16m[AppiumDriver@c31e]&amp#27;[0m Event 'newSessionStarted' logged at 1712017052750 (20:17:32 GMT-0400 (Eastern Daylight Saving Time))
[debug] &amp#27;[38;5;32m[AndroidUiautomator2Driver@a46a (f5791c54)]&amp#27;[0m Cached the protocol value 'W3C' for the new session f5791c54-516f-4c1b-8a5f-3f594ad15b51
[debug] &amp#27;[38;5;32m[AndroidUiautomator2Driver@a46a (f5791c54)]&amp#27;[0m Responding to client with driver.createSession() result: {"capabilities":{"platform":"LINUX","webStorageEnabled":false,"takesScreenshot":true,"javascriptEnabled":true,"databaseEnabled":false,"networkConnectionEnabled":true,"locationContextEnabled":false,"warnings":{},"desired":{"platformName":"ANDROID","app":"C:\\Users\\Yashwanth\\eclipse-workspace\\New eclipse\\Appium//src//test//java//resources//theScore_24.5.0_apkcombo.com.apk","automationName":"UIAutomator2","deviceName":"SBETPhone"},"platformName":"ANDROID","app":"C:\\Users\\Yashwanth\\eclipse-workspace\\New eclipse\\Appium//src//test//java//resources//theScore_24.5.0_apkcombo.com.apk","automationName":"UIAutomator2","deviceName":"emulator-5554","deviceUDID":"emulator-5554","appPackage":"com.fivemobile.thescore","deviceApiLevel":34,"platformVersion":"14","deviceScreenSize":"1440x3040","deviceScreenDensity":560,"deviceModel":"sdk_gphone64_x86_64","deviceManufacturer":"Google","pixelRatio":3.5,"statBarHeight":98,"viewportRect":{"left":0,"top":98,"width":1440,"height":2858}}}
&amp#27;[38;5;0m[HTTP]&amp#27;[0m &amp#27;[37m<-- POST /session &amp#27;[39m&amp#27;[32m200&amp#27;[39m &amp#27;[90m20370 ms - 1047&amp#27;[39m
&amp#27;[38;5;0m[HTTP]&amp#27;[0m &amp#27;[90m&amp#27;[39m
&amp#27;[38;5;0m[HTTP]&amp#27;[0m &amp#27;[37m-->&amp#27;[39m &amp#27;[37mPOST&amp#27;[39m &amp#27;[37m/session/f5791c54-516f-4c1b-8a5f-3f594ad15b51/timeouts&amp#27;[39m
&amp#27;[38;5;0m[HTTP]&amp#27;[0m &amp#27;[90m{"implicit":10000}&amp#27;[39m
[debug] &amp#27;[38;5;32m[AndroidUiautomator2Driver@a46a (f5791c54)]&amp#27;[0m Calling AppiumDriver.timeouts() with args: [null,null,null,null,10000,"f5791c54-516f-4c1b-8a5f-3f594ad15b51"]
[debug] &amp#27;[38;5;32m[AndroidUiautomator2Driver@a46a (f5791c54)]&amp#27;[0m W3C timeout argument: {"implicit":10000}}
[debug] &amp#27;[38;5;32m[AndroidUiautomator2Driver@a46a (f5791c54)]&amp#27;[0m Set implicit wait to 10000ms
[debug] &amp#27;[38;5;32m[AndroidUiautomator2Driver@a46a (f5791c54)]&amp#27;[0m Responding to client with driver.timeouts() result: null
&amp#27;[38;5;0m[HTTP]&amp#27;[0m &amp#27;[37m<-- POST /session/f5791c54-516f-4c1b-8a5f-3f594ad15b51/timeouts &amp#27;[39m&amp#27;[32m200&amp#27;[39m &amp#27;[90m9 ms - 14&amp#27;[39m
&amp#27;[38;5;0m[HTTP]&amp#27;[0m &amp#27;[90m&amp#27;[39m
&amp#27;[38;5;0m[HTTP]&amp#27;[0m &amp#27;[37m-->&amp#27;[39m &amp#27;[37mGET&amp#27;[39m &amp#27;[37m/session/f5791c54-516f-4c1b-8a5f-3f594ad15b51/context&amp#27;[39m
&amp#27;[38;5;0m[HTTP]&amp#27;[0m &amp#27;[90m{}&amp#27;[39m
[debug] &amp#27;[38;5;32m[AndroidUiautomator2Driver@a46a (f5791c54)]&amp#27;[0m Calling AppiumDriver.getCurrentContext() with args: ["f5791c54-516f-4c1b-8a5f-3f594ad15b51"]
[debug] &amp#27;[38;5;32m[AndroidUiautomator2Driver@a46a (f5791c54)]&amp#27;[0m Responding to client with driver.getCurrentContext() result: "NATIVE_APP"
&amp#27;[38;5;0m[HTTP]&amp#27;[0m &amp#27;[37m<-- GET /session/f5791c54-516f-4c1b-8a5f-3f594ad15b51/context &amp#27;[39m&amp#27;[32m200&amp#27;[39m &amp#27;[90m11 ms - 22&amp#27;[39m
&amp#27;[38;5;0m[HTTP]&amp#27;[0m &amp#27;[90m&amp#27;[39m
&amp#27;[38;5;0m[HTTP]&amp#27;[0m &amp#27;[37m-->&amp#27;[39m &amp#27;[37mPOST&amp#27;[39m &amp#27;[37m/session/f5791c54-516f-4c1b-8a5f-3f594ad15b51/element&amp#27;[39m
&amp#27;[38;5;0m[HTTP]&amp#27;[0m &amp#27;[90m{"using":"id","value":"com.fivemobile.thescore:id/btn_primary"}&amp#27;[39m
[debug] &amp#27;[38;5;32m[AndroidUiautomator2Driver@a46a (f5791c54)]&amp#27;[0m Calling AppiumDriver.findElement() with args: ["id","com.fivemobile.thescore:id/btn_primary","f5791c54-516f-4c1b-8a5f-3f594ad15b51"]
[debug] &amp#27;[38;5;32m[AndroidUiautomator2Driver@a46a (f5791c54)]&amp#27;[0m Valid locator strategies for this request: xpath, id, class name, accessibility id, css selector, -android uiautomator
[debug] &amp#27;[38;5;32m[AndroidUiautomator2Driver@a46a (f5791c54)]&amp#27;[0m Waiting up to 10000 ms for condition
[debug] &amp#27;[38;5;32m[AndroidUiautomator2Driver@a46a (f5791c54)]&amp#27;[0m Matched '/element' to command name 'findElement'
[debug] &amp#27;[38;5;32m[AndroidUiautomator2Driver@a46a (f5791c54)]&amp#27;[0m Proxying [POST /element] to [POST http://127.0.0.1:8200/session/2cf476f3-3dbf-40a1-ba89-51ed09c07157/element] with body: {"strategy":"id","selector":"com.fivemobile.thescore:id/btn_primary","context":"","multiple":false}
&amp#27;[38;5;32m[AndroidUiautomator2Driver@a46a (f5791c54)]&amp#27;[0m Got response with status 404: {"sessionId":"2cf476f3-3dbf-40a1-ba89-51ed09c07157","value":{"error":"no such element","message":"An element could not be located on the page using the given search parameters","stacktrace":"io.appium.uiautomator2.common.exceptions.ElementNotFoundException: An element could not be located on the page using the given search parameters\n\tat io.appium.uiautomator2.handler.FindElement.safeHandle(FindElement.java:63)\n\tat io.appium.uiautomator2.handler.request.SafeRequestHandler.handle(SafeRequestHandler.java:59)\n\tat io.appium.uiautomator2.server.AppiumServlet.handleRequest(AppiumServlet.java:277)\n\tat io.appium.uiautomator2.server.AppiumServlet.handleHttpRequest(AppiumServlet.java:271)\n\tat io.appium.uiautomator2.http.ServerHandler.channelRead(ServerHandler.java:77)\n\tat io.netty.channel.AbstractChannelHandlerContext.invokeChannelRead(AbstractChannelHandlerContext.java:366)\n\tat io.netty.channel.AbstractChannelHandlerContext.invokeChannelRead(AbstractChannelHandlerContext.java:352)\n\tat io.netty.chann...
[debug] &amp#27;[38;5;128m[W3C]&amp#27;[0m Matched W3C error code 'no such element' to NoSuchElementError
[debug] &amp#27;[38;5;32m[AndroidUiautomator2Driver@a46a (f5791c54)]&amp#27;[0m Waited for 278 ms so far
[debug] &amp#27;[38;5;32m[AndroidUiautomator2Driver@a46a (f5791c54)]&amp#27;[0m Matched '/element' to command name 'findElement'
[debug] &amp#27;[38;5;32m[AndroidUiautomator2Driver@a46a (f5791c54)]&amp#27;[0m Proxying [POST /element] to [POST http://127.0.0.1:8200/session/2cf476f3-3dbf-40a1-ba89-51ed09c07157/element] with body: {"strategy":"id","selector":"com.fivemobile.thescore:id/btn_primary","context":"","multiple":false}
[debug] &amp#27;[38;5;32m[AndroidUiautomator2Driver@a46a (f5791c54)]&amp#27;[0m Got response with status 200: {"sessionId":"2cf476f3-3dbf-40a1-ba89-51ed09c07157","value":{"ELEMENT":"00000000-0000-0055-ffff-ffff00000087","element-6066-11e4-a52e-4f735466cecf":"00000000-0000-0055-ffff-ffff00000087"}}
[debug] &amp#27;[38;5;32m[AndroidUiautomator2Driver@a46a (f5791c54)]&amp#27;[0m Responding to client with driver.findElement() result: {"element-6066-11e4-a52e-4f735466cecf":"00000000-0000-0055-ffff-ffff00000087","ELEMENT":"00000000-0000-0055-ffff-ffff00000087"}
&amp#27;[38;5;0m[HTTP]&amp#27;[0m &amp#27;[37m<-- POST /session/f5791c54-516f-4c1b-8a5f-3f594ad15b51/element &amp#27;[39m&amp#27;[32m200&amp#27;[39m &amp#27;[90m3621 ms - 137&amp#27;[39m
&amp#27;[38;5;0m[HTTP]&amp#27;[0m &amp#27;[90m&amp#27;[39m
&amp#27;[38;5;0m[HTTP]&amp#27;[0m &amp#27;[37m-->&amp#27;[39m &amp#27;[37mPOST&amp#27;[39m &amp#27;[37m/session/f5791c54-516f-4c1b-8a5f-3f594ad15b51/element/00000000-0000-0055-ffff-ffff00000087/click&amp#27;[39m
&amp#27;[38;5;0m[HTTP]&amp#27;[0m &amp#27;[90m{"id":"00000000-0000-0055-ffff-ffff00000087"}&amp#27;[39m
[debug] &amp#27;[38;5;32m[AndroidUiautomator2Driver@a46a (f5791c54)]&amp#27;[0m Calling AppiumDriver.click() with args: ["00000000-0000-0055-ffff-ffff00000087","f5791c54-516f-4c1b-8a5f-3f594ad15b51"]
[debug] &amp#27;[38;5;32m[AndroidUiautomator2Driver@a46a (f5791c54)]&amp#27;[0m Matched '/element/00000000-0000-0055-ffff-ffff00000087/click' to command name 'click'
[debug] &amp#27;[38;5;32m[AndroidUiautomator2Driver@a46a (f5791c54)]&amp#27;[0m Proxying [POST /element/00000000-0000-0055-ffff-ffff00000087/click] to [POST http://127.0.0.1:8200/session/2cf476f3-3dbf-40a1-ba89-51ed09c07157/element/00000000-0000-0055-ffff-ffff00000087/click] with body: {"element":"00000000-0000-0055-ffff-ffff00000087"}
[debug] &amp#27;[38;5;32m[AndroidUiautomator2Driver@a46a (f5791c54)]&amp#27;[0m Got response with status 200: {"sessionId":"2cf476f3-3dbf-40a1-ba89-51ed09c07157","value":null}
[debug] &amp#27;[38;5;32m[AndroidUiautomator2Driver@a46a (f5791c54)]&amp#27;[0m Responding to client with driver.click() result: null
&amp#27;[38;5;0m[HTTP]&amp#27;[0m &amp#27;[37m<-- POST /session/f5791c54-516f-4c1b-8a5f-3f594ad15b51/element/00000000-0000-0055-ffff-ffff00000087/click &amp#27;[39m&amp#27;[32m200&amp#27;[39m &amp#27;[90m1314 ms - 14&amp#27;[39m
&amp#27;[38;5;0m[HTTP]&amp#27;[0m &amp#27;[90m&amp#27;[39m
&amp#27;[38;5;0m[HTTP]&amp#27;[0m &amp#27;[37m-->&amp#27;[39m &amp#27;[37mGET&amp#27;[39m &amp#27;[37m/session/f5791c54-516f-4c1b-8a5f-3f594ad15b51/context&amp#27;[39m
&amp#27;[38;5;0m[HTTP]&amp#27;[0m &amp#27;[90m{}&amp#27;[39m
[debug] &amp#27;[38;5;32m[AndroidUiautomator2Driver@a46a (f5791c54)]&amp#27;[0m Calling AppiumDriver.getCurrentContext() with args: ["f5791c54-516f-4c1b-8a5f-3f594ad15b51"]
[debug] &amp#27;[38;5;32m[AndroidUiautomator2Driver@a46a (f5791c54)]&amp#27;[0m Responding to client with driver.getCurrentContext() result: "NATIVE_APP"
&amp#27;[38;5;0m[HTTP]&amp#27;[0m &amp#27;[37m<-- GET /session/f5791c54-516f-4c1b-8a5f-3f594ad15b51/context &amp#27;[39m&amp#27;[32m200&amp#27;[39m &amp#27;[90m11 ms - 22&amp#27;[39m
&amp#27;[38;5;0m[HTTP]&amp#27;[0m &amp#27;[90m&amp#27;[39m
&amp#27;[38;5;0m[HTTP]&amp#27;[0m &amp#27;[37m-->&amp#27;[39m &amp#27;[37mPOST&amp#27;[39m &amp#27;[37m/session/f5791c54-516f-4c1b-8a5f-3f594ad15b51/element&amp#27;[39m
&amp#27;[38;5;0m[HTTP]&amp#27;[0m &amp#27;[90m{"using":"id","value":"com.fivemobile.thescore:id/btn_primary"}&amp#27;[39m
[debug] &amp#27;[38;5;32m[AndroidUiautomator2Driver@a46a (f5791c54)]&amp#27;[0m Calling AppiumDriver.findElement() with args: ["id","com.fivemobile.thescore:id/btn_primary","f5791c54-516f-4c1b-8a5f-3f594ad15b51"]
[debug] &amp#27;[38;5;32m[AndroidUiautomator2Driver@a46a (f5791c54)]&amp#27;[0m Valid locator strategies for this request: xpath, id, class name, accessibility id, css selector, -android uiautomator
[debug] &amp#27;[38;5;32m[AndroidUiautomator2Driver@a46a (f5791c54)]&amp#27;[0m Waiting up to 10000 ms for condition
[debug] &amp#27;[38;5;32m[AndroidUiautomator2Driver@a46a (f5791c54)]&amp#27;[0m Matched '/element' to command name 'findElement'
[debug] &amp#27;[38;5;32m[AndroidUiautomator2Driver@a46a (f5791c54)]&amp#27;[0m Proxying [POST /element] to [POST http://127.0.0.1:8200/session/2cf476f3-3dbf-40a1-ba89-51ed09c07157/element] with body: {"strategy":"id","selector":"com.fivemobile.thescore:id/btn_primary","context":"","multiple":false}
[debug] &amp#27;[38;5;32m[AndroidUiautomator2Driver@a46a (f5791c54)]&amp#27;[0m Got response with status 200: {"sessionId":"2cf476f3-3dbf-40a1-ba89-51ed09c07157","value":{"ELEMENT":"00000000-0000-0055-ffff-ffff00000087","element-6066-11e4-a52e-4f735466cecf":"00000000-0000-0055-ffff-ffff00000087"}}
[debug] &amp#27;[38;5;32m[AndroidUiautomator2Driver@a46a (f5791c54)]&amp#27;[0m Responding to client with driver.findElement() result: {"element-6066-11e4-a52e-4f735466cecf":"00000000-0000-0055-ffff-ffff00000087","ELEMENT":"00000000-0000-0055-ffff-ffff00000087"}
&amp#27;[38;5;0m[HTTP]&amp#27;[0m &amp#27;[37m<-- POST /session/f5791c54-516f-4c1b-8a5f-3f594ad15b51/element &amp#27;[39m&amp#27;[32m200&amp#27;[39m &amp#27;[90m796 ms - 137&amp#27;[39m
&amp#27;[38;5;0m[HTTP]&amp#27;[0m &amp#27;[90m&amp#27;[39m
&amp#27;[38;5;0m[HTTP]&amp#27;[0m &amp#27;[37m-->&amp#27;[39m &amp#27;[37mPOST&amp#27;[39m &amp#27;[37m/session/f5791c54-516f-4c1b-8a5f-3f594ad15b51/element/00000000-0000-0055-ffff-ffff00000087/click&amp#27;[39m
&amp#27;[38;5;0m[HTTP]&amp#27;[0m &amp#27;[90m{"id":"00000000-0000-0055-ffff-ffff00000087"}&amp#27;[39m
[debug] &amp#27;[38;5;32m[AndroidUiautomator2Driver@a46a (f5791c54)]&amp#27;[0m Calling AppiumDriver.click() with args: ["00000000-0000-0055-ffff-ffff00000087","f5791c54-516f-4c1b-8a5f-3f594ad15b51"]
[debug] &amp#27;[38;5;32m[AndroidUiautomator2Driver@a46a (f5791c54)]&amp#27;[0m Matched '/element/00000000-0000-0055-ffff-ffff00000087/click' to command name 'click'
[debug] &amp#27;[38;5;32m[AndroidUiautomator2Driver@a46a (f5791c54)]&amp#27;[0m Proxying [POST /element/00000000-0000-0055-ffff-ffff00000087/click] to [POST http://127.0.0.1:8200/session/2cf476f3-3dbf-40a1-ba89-51ed09c07157/element/00000000-0000-0055-ffff-ffff00000087/click] with body: {"element":"00000000-0000-0055-ffff-ffff00000087"}
[debug] &amp#27;[38;5;32m[AndroidUiautomator2Driver@a46a (f5791c54)]&amp#27;[0m Got response with status 200: {"sessionId":"2cf476f3-3dbf-40a1-ba89-51ed09c07157","value":null}
[debug] &amp#27;[38;5;32m[AndroidUiautomator2Driver@a46a (f5791c54)]&amp#27;[0m Responding to client with driver.click() result: null
&amp#27;[38;5;0m[HTTP]&amp#27;[0m &amp#27;[37m<-- POST /session/f5791c54-516f-4c1b-8a5f-3f594ad15b51/element/00000000-0000-0055-ffff-ffff00000087/click &amp#27;[39m&amp#27;[32m200&amp#27;[39m &amp#27;[90m297 ms - 14&amp#27;[39m
&amp#27;[38;5;0m[HTTP]&amp#27;[0m &amp#27;[90m&amp#27;[39m
&amp#27;[38;5;0m[HTTP]&amp#27;[0m &amp#27;[37m-->&amp#27;[39m &amp#27;[37mGET&amp#27;[39m &amp#27;[37m/session/f5791c54-516f-4c1b-8a5f-3f594ad15b51/context&amp#27;[39m
&amp#27;[38;5;0m[HTTP]&amp#27;[0m &amp#27;[90m{}&amp#27;[39m
[debug] &amp#27;[38;5;32m[AndroidUiautomator2Driver@a46a (f5791c54)]&amp#27;[0m Calling AppiumDriver.getCurrentContext() with args: ["f5791c54-516f-4c1b-8a5f-3f594ad15b51"]
[debug] &amp#27;[38;5;32m[AndroidUiautomator2Driver@a46a (f5791c54)]&amp#27;[0m Responding to client with driver.getCurrentContext() result: "NATIVE_APP"
&amp#27;[38;5;0m[HTTP]&amp#27;[0m &amp#27;[37m<-- GET /session/f5791c54-516f-4c1b-8a5f-3f594ad15b51/context &amp#27;[39m&amp#27;[32m200&amp#27;[39m &amp#27;[90m3 ms - 22&amp#27;[39m
&amp#27;[38;5;0m[HTTP]&amp#27;[0m &amp#27;[90m&amp#27;[39m
&amp#27;[38;5;0m[HTTP]&amp#27;[0m &amp#27;[37m-->&amp#27;[39m &amp#27;[37mPOST&amp#27;[39m &amp#27;[37m/session/f5791c54-516f-4c1b-8a5f-3f594ad15b51/element&amp#27;[39m
&amp#27;[38;5;0m[HTTP]&amp#27;[0m &amp#27;[90m{"using":"id","value":"com.fivemobile.thescore:id/btn_disallow"}&amp#27;[39m
[debug] &amp#27;[38;5;32m[AndroidUiautomator2Driver@a46a (f5791c54)]&amp#27;[0m Calling AppiumDriver.findElement() with args: ["id","com.fivemobile.thescore:id/btn_disallow","f5791c54-516f-4c1b-8a5f-3f594ad15b51"]
[debug] &amp#27;[38;5;32m[AndroidUiautomator2Driver@a46a (f5791c54)]&amp#27;[0m Valid locator strategies for this request: xpath, id, class name, accessibility id, css selector, -android uiautomator
[debug] &amp#27;[38;5;32m[AndroidUiautomator2Driver@a46a (f5791c54)]&amp#27;[0m Waiting up to 10000 ms for condition
[debug] &amp#27;[38;5;32m[AndroidUiautomator2Driver@a46a (f5791c54)]&amp#27;[0m Matched '/element' to command name 'findElement'
[debug] &amp#27;[38;5;32m[AndroidUiautomator2Driver@a46a (f5791c54)]&amp#27;[0m Proxying [POST /element] to [POST http://127.0.0.1:8200/session/2cf476f3-3dbf-40a1-ba89-51ed09c07157/element] with body: {"strategy":"id","selector":"com.fivemobile.thescore:id/btn_disallow","context":"","multiple":false}
&amp#27;[38;5;32m[AndroidUiautomator2Driver@a46a (f5791c54)]&amp#27;[0m Got response with status 404: {"sessionId":"2cf476f3-3dbf-40a1-ba89-51ed09c07157","value":{"error":"no such element","message":"An element could not be located on the page using the given search parameters","stacktrace":"io.appium.uiautomator2.common.exceptions.ElementNotFoundException: An element could not be located on the page using the given search parameters\n\tat io.appium.uiautomator2.handler.FindElement.safeHandle(FindElement.java:63)\n\tat io.appium.uiautomator2.handler.request.SafeRequestHandler.handle(SafeRequestHandler.java:59)\n\tat io.appium.uiautomator2.server.AppiumServlet.handleRequest(AppiumServlet.java:277)\n\tat io.appium.uiautomator2.server.AppiumServlet.handleHttpRequest(AppiumServlet.java:271)\n\tat io.appium.uiautomator2.http.ServerHandler.channelRead(ServerHandler.java:77)\n\tat io.netty.channel.AbstractChannelHandlerContext.invokeChannelRead(AbstractChannelHandlerContext.java:366)\n\tat io.netty.channel.AbstractChannelHandlerContext.invokeChannelRead(AbstractChannelHandlerContext.java:352)\n\tat io.netty.chann...
[debug] &amp#27;[38;5;128m[W3C]&amp#27;[0m Matched W3C error code 'no such element' to NoSuchElementError
[debug] &amp#27;[38;5;32m[AndroidUiautomator2Driver@a46a (f5791c54)]&amp#27;[0m Waited for 9794 ms so far
[debug] &amp#27;[38;5;32m[AndroidUiautomator2Driver@a46a (f5791c54)]&amp#27;[0m Matched '/element' to command name 'findElement'
[debug] &amp#27;[38;5;32m[AndroidUiautomator2Driver@a46a (f5791c54)]&amp#27;[0m Proxying [POST /element] to [POST http://127.0.0.1:8200/session/2cf476f3-3dbf-40a1-ba89-51ed09c07157/element] with body: {"strategy":"id","selector":"com.fivemobile.thescore:id/btn_disallow","context":"","multiple":false}
[debug] &amp#27;[38;5;32m[AndroidUiautomator2Driver@a46a (f5791c54)]&amp#27;[0m Got response with status 200: {"sessionId":"2cf476f3-3dbf-40a1-ba89-51ed09c07157","value":{"ELEMENT":"00000000-0000-0056-ffff-ffff00000202","element-6066-11e4-a52e-4f735466cecf":"00000000-0000-0056-ffff-ffff00000202"}}
[debug] &amp#27;[38;5;32m[AndroidUiautomator2Driver@a46a (f5791c54)]&amp#27;[0m Responding to client with driver.findElement() result: {"element-6066-11e4-a52e-4f735466cecf":"00000000-0000-0056-ffff-ffff00000202","ELEMENT":"00000000-0000-0056-ffff-ffff00000202"}
&amp#27;[38;5;0m[HTTP]&amp#27;[0m &amp#27;[37m<-- POST /session/f5791c54-516f-4c1b-8a5f-3f594ad15b51/element &amp#27;[39m&amp#27;[32m200&amp#27;[39m &amp#27;[90m10410 ms - 137&amp#27;[39m
&amp#27;[38;5;0m[HTTP]&amp#27;[0m &amp#27;[90m&amp#27;[39m
&amp#27;[38;5;0m[HTTP]&amp#27;[0m &amp#27;[37m-->&amp#27;[39m &amp#27;[37mPOST&amp#27;[39m &amp#27;[37m/session/f5791c54-516f-4c1b-8a5f-3f594ad15b51/element/00000000-0000-0056-ffff-ffff00000202/click&amp#27;[39m
&amp#27;[38;5;0m[HTTP]&amp#27;[0m &amp#27;[90m{"id":"00000000-0000-0056-ffff-ffff00000202"}&amp#27;[39m
[debug] &amp#27;[38;5;32m[AndroidUiautomator2Driver@a46a (f5791c54)]&amp#27;[0m Calling AppiumDriver.click() with args: ["00000000-0000-0056-ffff-ffff00000202","f5791c54-516f-4c1b-8a5f-3f594ad15b51"]
[debug] &amp#27;[38;5;32m[AndroidUiautomator2Driver@a46a (f5791c54)]&amp#27;[0m Matched '/element/00000000-0000-0056-ffff-ffff00000202/click' to command name 'click'
[debug] &amp#27;[38;5;32m[AndroidUiautomator2Driver@a46a (f5791c54)]&amp#27;[0m Proxying [POST /element/00000000-0000-0056-ffff-ffff00000202/click] to [POST http://127.0.0.1:8200/session/2cf476f3-3dbf-40a1-ba89-51ed09c07157/element/00000000-0000-0056-ffff-ffff00000202/click] with body: {"element":"00000000-0000-0056-ffff-ffff00000202"}
[debug] &amp#27;[38;5;32m[AndroidUiautomator2Driver@a46a (f5791c54)]&amp#27;[0m Got response with status 200: {"sessionId":"2cf476f3-3dbf-40a1-ba89-51ed09c07157","value":null}
[debug] &amp#27;[38;5;32m[AndroidUiautomator2Driver@a46a (f5791c54)]&amp#27;[0m Responding to client with driver.click() result: null
&amp#27;[38;5;0m[HTTP]&amp#27;[0m &amp#27;[37m<-- POST /session/f5791c54-516f-4c1b-8a5f-3f594ad15b51/element/00000000-0000-0056-ffff-ffff00000202/click &amp#27;[39m&amp#27;[32m200&amp#27;[39m &amp#27;[90m291 ms - 14&amp#27;[39m
&amp#27;[38;5;0m[HTTP]&amp#27;[0m &amp#27;[90m&amp#27;[39m
&amp#27;[38;5;0m[HTTP]&amp#27;[0m &amp#27;[37m-->&amp#27;[39m &amp#27;[37mGET&amp#27;[39m &amp#27;[37m/session/f5791c54-516f-4c1b-8a5f-3f594ad15b51/context&amp#27;[39m
&amp#27;[38;5;0m[HTTP]&amp#27;[0m &amp#27;[90m{}&amp#27;[39m
[debug] &amp#27;[38;5;32m[AndroidUiautomator2Driver@a46a (f5791c54)]&amp#27;[0m Calling AppiumDriver.getCurrentContext() with args: ["f5791c54-516f-4c1b-8a5f-3f594ad15b51"]
[debug] &amp#27;[38;5;32m[AndroidUiautomator2Driver@a46a (f5791c54)]&amp#27;[0m Responding to client with driver.getCurrentContext() result: "NATIVE_APP"
&amp#27;[38;5;0m[HTTP]&amp#27;[0m &amp#27;[37m<-- GET /session/f5791c54-516f-4c1b-8a5f-3f594ad15b51/context &amp#27;[39m&amp#27;[32m200&amp#27;[39m &amp#27;[90m3 ms - 22&amp#27;[39m
&amp#27;[38;5;0m[HTTP]&amp#27;[0m &amp#27;[90m&amp#27;[39m
&amp#27;[38;5;0m[HTTP]&amp#27;[0m &amp#27;[37m-->&amp#27;[39m &amp#27;[37mPOST&amp#27;[39m &amp#27;[37m/session/f5791c54-516f-4c1b-8a5f-3f594ad15b51/element&amp#27;[39m
&amp#27;[38;5;0m[HTTP]&amp#27;[0m &amp#27;[90m{"using":"xpath","value":"//android.widget.TextView[@text='Toronto Raptors']"}&amp#27;[39m
[debug] &amp#27;[38;5;32m[AndroidUiautomator2Driver@a46a (f5791c54)]&amp#27;[0m Calling AppiumDriver.findElement() with args: ["xpath","//android.widget.TextView[@text='Toronto Raptors']","f5791c54-516f-4c1b-8a5f-3f594ad15b51"]
[debug] &amp#27;[38;5;32m[AndroidUiautomator2Driver@a46a (f5791c54)]&amp#27;[0m Valid locator strategies for this request: xpath, id, class name, accessibility id, css selector, -android uiautomator
[debug] &amp#27;[38;5;32m[AndroidUiautomator2Driver@a46a (f5791c54)]&amp#27;[0m Waiting up to 10000 ms for condition
[debug] &amp#27;[38;5;32m[AndroidUiautomator2Driver@a46a (f5791c54)]&amp#27;[0m Matched '/element' to command name 'findElement'
[debug] &amp#27;[38;5;32m[AndroidUiautomator2Driver@a46a (f5791c54)]&amp#27;[0m Proxying [POST /element] to [POST http://127.0.0.1:8200/session/2cf476f3-3dbf-40a1-ba89-51ed09c07157/element] with body: {"strategy":"xpath","selector":"//android.widget.TextView[@text='Toronto Raptors']","context":"","multiple":false}
[debug] &amp#27;[38;5;32m[AndroidUiautomator2Driver@a46a (f5791c54)]&amp#27;[0m Got response with status 200: {"sessionId":"2cf476f3-3dbf-40a1-ba89-51ed09c07157","value":{"ELEMENT":"00000000-0000-0055-ffff-ffff000001a5","element-6066-11e4-a52e-4f735466cecf":"00000000-0000-0055-ffff-ffff000001a5"}}
[debug] &amp#27;[38;5;32m[AndroidUiautomator2Driver@a46a (f5791c54)]&amp#27;[0m Responding to client with driver.findElement() result: {"element-6066-11e4-a52e-4f735466cecf":"00000000-0000-0055-ffff-ffff000001a5","ELEMENT":"00000000-0000-0055-ffff-ffff000001a5"}
&amp#27;[38;5;0m[HTTP]&amp#27;[0m &amp#27;[37m<-- POST /session/f5791c54-516f-4c1b-8a5f-3f594ad15b51/element &amp#27;[39m&amp#27;[32m200&amp#27;[39m &amp#27;[90m3553 ms - 137&amp#27;[39m
&amp#27;[38;5;0m[HTTP]&amp#27;[0m &amp#27;[90m&amp#27;[39m
&amp#27;[38;5;0m[HTTP]&amp#27;[0m &amp#27;[37m-->&amp#27;[39m &amp#27;[37mPOST&amp#27;[39m &amp#27;[37m/session/f5791c54-516f-4c1b-8a5f-3f594ad15b51/element/00000000-0000-0055-ffff-ffff000001a5/click&amp#27;[39m
&amp#27;[38;5;0m[HTTP]&amp#27;[0m &amp#27;[90m{"id":"00000000-0000-0055-ffff-ffff000001a5"}&amp#27;[39m
[debug] &amp#27;[38;5;32m[AndroidUiautomator2Driver@a46a (f5791c54)]&amp#27;[0m Calling AppiumDriver.click() with args: ["00000000-0000-0055-ffff-ffff000001a5","f5791c54-516f-4c1b-8a5f-3f594ad15b51"]
[debug] &amp#27;[38;5;32m[AndroidUiautomator2Driver@a46a (f5791c54)]&amp#27;[0m Matched '/element/00000000-0000-0055-ffff-ffff000001a5/click' to command name 'click'
[debug] &amp#27;[38;5;32m[AndroidUiautomator2Driver@a46a (f5791c54)]&amp#27;[0m Proxying [POST /element/00000000-0000-0055-ffff-ffff000001a5/click] to [POST http://127.0.0.1:8200/session/2cf476f3-3dbf-40a1-ba89-51ed09c07157/element/00000000-0000-0055-ffff-ffff000001a5/click] with body: {"element":"00000000-0000-0055-ffff-ffff000001a5"}
[debug] &amp#27;[38;5;32m[AndroidUiautomator2Driver@a46a (f5791c54)]&amp#27;[0m Got response with status 200: {"sessionId":"2cf476f3-3dbf-40a1-ba89-51ed09c07157","value":null}
[debug] &amp#27;[38;5;32m[AndroidUiautomator2Driver@a46a (f5791c54)]&amp#27;[0m Responding to client with driver.click() result: null
&amp#27;[38;5;0m[HTTP]&amp#27;[0m &amp#27;[37m<-- POST /session/f5791c54-516f-4c1b-8a5f-3f594ad15b51/element/00000000-0000-0055-ffff-ffff000001a5/click &amp#27;[39m&amp#27;[32m200&amp#27;[39m &amp#27;[90m194 ms - 14&amp#27;[39m
&amp#27;[38;5;0m[HTTP]&amp#27;[0m &amp#27;[90m&amp#27;[39m
&amp#27;[38;5;0m[HTTP]&amp#27;[0m &amp#27;[37m-->&amp#27;[39m &amp#27;[37mGET&amp#27;[39m &amp#27;[37m/session/f5791c54-516f-4c1b-8a5f-3f594ad15b51/context&amp#27;[39m
&amp#27;[38;5;0m[HTTP]&amp#27;[0m &amp#27;[90m{}&amp#27;[39m
[debug] &amp#27;[38;5;32m[AndroidUiautomator2Driver@a46a (f5791c54)]&amp#27;[0m Calling AppiumDriver.getCurrentContext() with args: ["f5791c54-516f-4c1b-8a5f-3f594ad15b51"]
[debug] &amp#27;[38;5;32m[AndroidUiautomator2Driver@a46a (f5791c54)]&amp#27;[0m Responding to client with driver.getCurrentContext() result: "NATIVE_APP"
&amp#27;[38;5;0m[HTTP]&amp#27;[0m &amp#27;[37m<-- GET /session/f5791c54-516f-4c1b-8a5f-3f594ad15b51/context &amp#27;[39m&amp#27;[32m200&amp#27;[39m &amp#27;[90m6 ms - 22&amp#27;[39m
&amp#27;[38;5;0m[HTTP]&amp#27;[0m &amp#27;[90m&amp#27;[39m
&amp#27;[38;5;0m[HTTP]&amp#27;[0m &amp#27;[37m-->&amp#27;[39m &amp#27;[37mPOST&amp#27;[39m &amp#27;[37m/session/f5791c54-516f-4c1b-8a5f-3f594ad15b51/element&amp#27;[39m
&amp#27;[38;5;0m[HTTP]&amp#27;[0m &amp#27;[90m{"using":"id","value":"com.fivemobile.thescore:id/btn_primary"}&amp#27;[39m
[debug] &amp#27;[38;5;32m[AndroidUiautomator2Driver@a46a (f5791c54)]&amp#27;[0m Calling AppiumDriver.findElement() with args: ["id","com.fivemobile.thescore:id/btn_primary","f5791c54-516f-4c1b-8a5f-3f594ad15b51"]
[debug] &amp#27;[38;5;32m[AndroidUiautomator2Driver@a46a (f5791c54)]&amp#27;[0m Valid locator strategies for this request: xpath, id, class name, accessibility id, css selector, -android uiautomator
[debug] &amp#27;[38;5;32m[AndroidUiautomator2Driver@a46a (f5791c54)]&amp#27;[0m Waiting up to 10000 ms for condition
[debug] &amp#27;[38;5;32m[AndroidUiautomator2Driver@a46a (f5791c54)]&amp#27;[0m Matched '/element' to command name 'findElement'
[debug] &amp#27;[38;5;32m[AndroidUiautomator2Driver@a46a (f5791c54)]&amp#27;[0m Proxying [POST /element] to [POST http://127.0.0.1:8200/session/2cf476f3-3dbf-40a1-ba89-51ed09c07157/element] with body: {"strategy":"id","selector":"com.fivemobile.thescore:id/btn_primary","context":"","multiple":false}
[debug] &amp#27;[38;5;32m[AndroidUiautomator2Driver@a46a (f5791c54)]&amp#27;[0m Got response with status 200: {"sessionId":"2cf476f3-3dbf-40a1-ba89-51ed09c07157","value":{"ELEMENT":"00000000-0000-0055-ffff-ffff00000087","element-6066-11e4-a52e-4f735466cecf":"00000000-0000-0055-ffff-ffff00000087"}}
[debug] &amp#27;[38;5;32m[AndroidUiautomator2Driver@a46a (f5791c54)]&amp#27;[0m Responding to client with driver.findElement() result: {"element-6066-11e4-a52e-4f735466cecf":"00000000-0000-0055-ffff-ffff00000087","ELEMENT":"00000000-0000-0055-ffff-ffff00000087"}
&amp#27;[38;5;0m[HTTP]&amp#27;[0m &amp#27;[37m<-- POST /session/f5791c54-516f-4c1b-8a5f-3f594ad15b51/element &amp#27;[39m&amp#27;[32m200&amp#27;[39m &amp#27;[90m1831 ms - 137&amp#27;[39m
&amp#27;[38;5;0m[HTTP]&amp#27;[0m &amp#27;[90m&amp#27;[39m
&amp#27;[38;5;0m[HTTP]&amp#27;[0m &amp#27;[37m-->&amp#27;[39m &amp#27;[37mPOST&amp#27;[39m &amp#27;[37m/session/f5791c54-516f-4c1b-8a5f-3f594ad15b51/element/00000000-0000-0055-ffff-ffff00000087/click&amp#27;[39m
&amp#27;[38;5;0m[HTTP]&amp#27;[0m &amp#27;[90m{"id":"00000000-0000-0055-ffff-ffff00000087"}&amp#27;[39m
[debug] &amp#27;[38;5;32m[AndroidUiautomator2Driver@a46a (f5791c54)]&amp#27;[0m Calling AppiumDriver.click() with args: ["00000000-0000-0055-ffff-ffff00000087","f5791c54-516f-4c1b-8a5f-3f594ad15b51"]
[debug] &amp#27;[38;5;32m[AndroidUiautomator2Driver@a46a (f5791c54)]&amp#27;[0m Matched '/element/00000000-0000-0055-ffff-ffff00000087/click' to command name 'click'
[debug] &amp#27;[38;5;32m[AndroidUiautomator2Driver@a46a (f5791c54)]&amp#27;[0m Proxying [POST /element/00000000-0000-0055-ffff-ffff00000087/click] to [POST http://127.0.0.1:8200/session/2cf476f3-3dbf-40a1-ba89-51ed09c07157/element/00000000-0000-0055-ffff-ffff00000087/click] with body: {"element":"00000000-0000-0055-ffff-ffff00000087"}
[debug] &amp#27;[38;5;32m[AndroidUiautomator2Driver@a46a (f5791c54)]&amp#27;[0m Got response with status 200: {"sessionId":"2cf476f3-3dbf-40a1-ba89-51ed09c07157","value":null}
[debug] &amp#27;[38;5;32m[AndroidUiautomator2Driver@a46a (f5791c54)]&amp#27;[0m Responding to client with driver.click() result: null
&amp#27;[38;5;0m[HTTP]&amp#27;[0m &amp#27;[37m<-- POST /session/f5791c54-516f-4c1b-8a5f-3f594ad15b51/element/00000000-0000-0055-ffff-ffff00000087/click &amp#27;[39m&amp#27;[32m200&amp#27;[39m &amp#27;[90m513 ms - 14&amp#27;[39m
&amp#27;[38;5;0m[HTTP]&amp#27;[0m &amp#27;[90m&amp#27;[39m
&amp#27;[38;5;0m[HTTP]&amp#27;[0m &amp#27;[37m-->&amp#27;[39m &amp#27;[37mGET&amp#27;[39m &amp#27;[37m/session/f5791c54-516f-4c1b-8a5f-3f594ad15b51/context&amp#27;[39m
&amp#27;[38;5;0m[HTTP]&amp#27;[0m &amp#27;[90m{}&amp#27;[39m
[debug] &amp#27;[38;5;32m[AndroidUiautomator2Driver@a46a (f5791c54)]&amp#27;[0m Calling AppiumDriver.getCurrentContext() with args: ["f5791c54-516f-4c1b-8a5f-3f594ad15b51"]
[debug] &amp#27;[38;5;32m[AndroidUiautomator2Driver@a46a (f5791c54)]&amp#27;[0m Responding to client with driver.getCurrentContext() result: "NATIVE_APP"
&amp#27;[38;5;0m[HTTP]&amp#27;[0m &amp#27;[37m<-- GET /session/f5791c54-516f-4c1b-8a5f-3f594ad15b51/context &amp#27;[39m&amp#27;[32m200&amp#27;[39m &amp#27;[90m4 ms - 22&amp#27;[39m
&amp#27;[38;5;0m[HTTP]&amp#27;[0m &amp#27;[90m&amp#27;[39m
&amp#27;[38;5;0m[HTTP]&amp#27;[0m &amp#27;[37m-->&amp#27;[39m &amp#27;[37mPOST&amp#27;[39m &amp#27;[37m/session/f5791c54-516f-4c1b-8a5f-3f594ad15b51/element&amp#27;[39m
&amp#27;[38;5;0m[HTTP]&amp#27;[0m &amp#27;[90m{"using":"id","value":"com.fivemobile.thescore:id/btn_primary"}&amp#27;[39m
[debug] &amp#27;[38;5;32m[AndroidUiautomator2Driver@a46a (f5791c54)]&amp#27;[0m Calling AppiumDriver.findElement() with args: ["id","com.fivemobile.thescore:id/btn_primary","f5791c54-516f-4c1b-8a5f-3f594ad15b51"]
[debug] &amp#27;[38;5;32m[AndroidUiautomator2Driver@a46a (f5791c54)]&amp#27;[0m Valid locator strategies for this request: xpath, id, class name, accessibility id, css selector, -android uiautomator
[debug] &amp#27;[38;5;32m[AndroidUiautomator2Driver@a46a (f5791c54)]&amp#27;[0m Waiting up to 10000 ms for condition
[debug] &amp#27;[38;5;32m[AndroidUiautomator2Driver@a46a (f5791c54)]&amp#27;[0m Matched '/element' to command name 'findElement'
[debug] &amp#27;[38;5;32m[AndroidUiautomator2Driver@a46a (f5791c54)]&amp#27;[0m Proxying [POST /element] to [POST http://127.0.0.1:8200/session/2cf476f3-3dbf-40a1-ba89-51ed09c07157/element] with body: {"strategy":"id","selector":"com.fivemobile.thescore:id/btn_primary","context":"","multiple":false}
[debug] &amp#27;[38;5;32m[AndroidUiautomator2Driver@a46a (f5791c54)]&amp#27;[0m Got response with status 200: {"sessionId":"2cf476f3-3dbf-40a1-ba89-51ed09c07157","value":{"ELEMENT":"00000000-0000-0055-ffff-ffff00000087","element-6066-11e4-a52e-4f735466cecf":"00000000-0000-0055-ffff-ffff00000087"}}
[debug] &amp#27;[38;5;32m[AndroidUiautomator2Driver@a46a (f5791c54)]&amp#27;[0m Responding to client with driver.findElement() result: {"element-6066-11e4-a52e-4f735466cecf":"00000000-0000-0055-ffff-ffff00000087","ELEMENT":"00000000-0000-0055-ffff-ffff00000087"}
&amp#27;[38;5;0m[HTTP]&amp#27;[0m &amp#27;[37m<-- POST /session/f5791c54-516f-4c1b-8a5f-3f594ad15b51/element &amp#27;[39m&amp#27;[32m200&amp#27;[39m &amp#27;[90m1458 ms - 137&amp#27;[39m
&amp#27;[38;5;0m[HTTP]&amp#27;[0m &amp#27;[90m&amp#27;[39m
&amp#27;[38;5;0m[HTTP]&amp#27;[0m &amp#27;[37m-->&amp#27;[39m &amp#27;[37mPOST&amp#27;[39m &amp#27;[37m/session/f5791c54-516f-4c1b-8a5f-3f594ad15b51/element/00000000-0000-0055-ffff-ffff00000087/click&amp#27;[39m
&amp#27;[38;5;0m[HTTP]&amp#27;[0m &amp#27;[90m{"id":"00000000-0000-0055-ffff-ffff00000087"}&amp#27;[39m
[debug] &amp#27;[38;5;32m[AndroidUiautomator2Driver@a46a (f5791c54)]&amp#27;[0m Calling AppiumDriver.click() with args: ["00000000-0000-0055-ffff-ffff00000087","f5791c54-516f-4c1b-8a5f-3f594ad15b51"]
[debug] &amp#27;[38;5;32m[AndroidUiautomator2Driver@a46a (f5791c54)]&amp#27;[0m Matched '/element/00000000-0000-0055-ffff-ffff00000087/click' to command name 'click'
[debug] &amp#27;[38;5;32m[AndroidUiautomator2Driver@a46a (f5791c54)]&amp#27;[0m Proxying [POST /element/00000000-0000-0055-ffff-ffff00000087/click] to [POST http://127.0.0.1:8200/session/2cf476f3-3dbf-40a1-ba89-51ed09c07157/element/00000000-0000-0055-ffff-ffff00000087/click] with body: {"element":"00000000-0000-0055-ffff-ffff00000087"}
[debug] &amp#27;[38;5;32m[AndroidUiautomator2Driver@a46a (f5791c54)]&amp#27;[0m Got response with status 200: {"sessionId":"2cf476f3-3dbf-40a1-ba89-51ed09c07157","value":null}
[debug] &amp#27;[38;5;32m[AndroidUiautomator2Driver@a46a (f5791c54)]&amp#27;[0m Responding to client with driver.click() result: null
&amp#27;[38;5;0m[HTTP]&amp#27;[0m &amp#27;[37m<-- POST /session/f5791c54-516f-4c1b-8a5f-3f594ad15b51/element/00000000-0000-0055-ffff-ffff00000087/click &amp#27;[39m&amp#27;[32m200&amp#27;[39m &amp#27;[90m830 ms - 14&amp#27;[39m
&amp#27;[38;5;0m[HTTP]&amp#27;[0m &amp#27;[90m&amp#27;[39m
&amp#27;[38;5;0m[HTTP]&amp#27;[0m &amp#27;[37m-->&amp#27;[39m &amp#27;[37mGET&amp#27;[39m &amp#27;[37m/session/f5791c54-516f-4c1b-8a5f-3f594ad15b51/context&amp#27;[39m
&amp#27;[38;5;0m[HTTP]&amp#27;[0m &amp#27;[90m{}&amp#27;[39m
[debug] &amp#27;[38;5;32m[AndroidUiautomator2Driver@a46a (f5791c54)]&amp#27;[0m Calling AppiumDriver.getCurrentContext() with args: ["f5791c54-516f-4c1b-8a5f-3f594ad15b51"]
[debug] &amp#27;[38;5;32m[AndroidUiautomator2Driver@a46a (f5791c54)]&amp#27;[0m Responding to client with driver.getCurrentContext() result: "NATIVE_APP"
&amp#27;[38;5;0m[HTTP]&amp#27;[0m &amp#27;[37m<-- GET /session/f5791c54-516f-4c1b-8a5f-3f594ad15b51/context &amp#27;[39m&amp#27;[32m200&amp#27;[39m &amp#27;[90m4 ms - 22&amp#27;[39m
&amp#27;[38;5;0m[HTTP]&amp#27;[0m &amp#27;[90m&amp#27;[39m
&amp#27;[38;5;0m[HTTP]&amp#27;[0m &amp#27;[37m-->&amp#27;[39m &amp#27;[37mPOST&amp#27;[39m &amp#27;[37m/session/f5791c54-516f-4c1b-8a5f-3f594ad15b51/element&amp#27;[39m
&amp#27;[38;5;0m[HTTP]&amp#27;[0m &amp#27;[90m{"using":"id","value":"com.fivemobile.thescore:id/btn_secondary"}&amp#27;[39m
[debug] &amp#27;[38;5;32m[AndroidUiautomator2Driver@a46a (f5791c54)]&amp#27;[0m Calling AppiumDriver.findElement() with args: ["id","com.fivemobile.thescore:id/btn_secondary","f5791c54-516f-4c1b-8a5f-3f594ad15b51"]
[debug] &amp#27;[38;5;32m[AndroidUiautomator2Driver@a46a (f5791c54)]&amp#27;[0m Valid locator strategies for this request: xpath, id, class name, accessibility id, css selector, -android uiautomator
[debug] &amp#27;[38;5;32m[AndroidUiautomator2Driver@a46a (f5791c54)]&amp#27;[0m Waiting up to 10000 ms for condition
[debug] &amp#27;[38;5;32m[AndroidUiautomator2Driver@a46a (f5791c54)]&amp#27;[0m Matched '/element' to command name 'findElement'
[debug] &amp#27;[38;5;32m[AndroidUiautomator2Driver@a46a (f5791c54)]&amp#27;[0m Proxying [POST /element] to [POST http://127.0.0.1:8200/session/2cf476f3-3dbf-40a1-ba89-51ed09c07157/element] with body: {"strategy":"id","selector":"com.fivemobile.thescore:id/btn_secondary","context":"","multiple":false}
&amp#27;[38;5;32m[AndroidUiautomator2Driver@a46a (f5791c54)]&amp#27;[0m Got response with status 404: {"sessionId":"2cf476f3-3dbf-40a1-ba89-51ed09c07157","value":{"error":"no such element","message":"An element could not be located on the page using the given search parameters","stacktrace":"io.appium.uiautomator2.common.exceptions.ElementNotFoundException: An element could not be located on the page using the given search parameters\n\tat io.appium.uiautomator2.handler.FindElement.safeHandle(FindElement.java:63)\n\tat io.appium.uiautomator2.handler.request.SafeRequestHandler.handle(SafeRequestHandler.java:59)\n\tat io.appium.uiautomator2.server.AppiumServlet.handleRequest(AppiumServlet.java:277)\n\tat io.appium.uiautomator2.server.AppiumServlet.handleHttpRequest(AppiumServlet.java:271)\n\tat io.appium.uiautomator2.http.ServerHandler.channelRead(ServerHandler.java:77)\n\tat io.netty.channel.AbstractChannelHandlerContext.invokeChannelRead(AbstractChannelHandlerContext.java:366)\n\tat io.netty.channel.AbstractChannelHandlerContext.invokeChannelRead(AbstractChannelHandlerContext.java:352)\n\tat io.netty.chann...
[debug] &amp#27;[38;5;128m[W3C]&amp#27;[0m Matched W3C error code 'no such element' to NoSuchElementError
[debug] &amp#27;[38;5;32m[AndroidUiautomator2Driver@a46a (f5791c54)]&amp#27;[0m Waited for 721 ms so far
[debug] &amp#27;[38;5;32m[AndroidUiautomator2Driver@a46a (f5791c54)]&amp#27;[0m Matched '/element' to command name 'findElement'
[debug] &amp#27;[38;5;32m[AndroidUiautomator2Driver@a46a (f5791c54)]&amp#27;[0m Proxying [POST /element] to [POST http://127.0.0.1:8200/session/2cf476f3-3dbf-40a1-ba89-51ed09c07157/element] with body: {"strategy":"id","selector":"com.fivemobile.thescore:id/btn_secondary","context":"","multiple":false}
[debug] &amp#27;[38;5;32m[AndroidUiautomator2Driver@a46a (f5791c54)]&amp#27;[0m Got response with status 200: {"sessionId":"2cf476f3-3dbf-40a1-ba89-51ed09c07157","value":{"ELEMENT":"00000000-0000-0055-ffff-ffff0000008a","element-6066-11e4-a52e-4f735466cecf":"00000000-0000-0055-ffff-ffff0000008a"}}
[debug] &amp#27;[38;5;32m[AndroidUiautomator2Driver@a46a (f5791c54)]&amp#27;[0m Responding to client with driver.findElement() result: {"element-6066-11e4-a52e-4f735466cecf":"00000000-0000-0055-ffff-ffff0000008a","ELEMENT":"00000000-0000-0055-ffff-ffff0000008a"}
&amp#27;[38;5;0m[HTTP]&amp#27;[0m &amp#27;[37m<-- POST /session/f5791c54-516f-4c1b-8a5f-3f594ad15b51/element &amp#27;[39m&amp#27;[32m200&amp#27;[39m &amp#27;[90m2843 ms - 137&amp#27;[39m
&amp#27;[38;5;0m[HTTP]&amp#27;[0m &amp#27;[90m&amp#27;[39m
&amp#27;[38;5;0m[HTTP]&amp#27;[0m &amp#27;[37m-->&amp#27;[39m &amp#27;[37mPOST&amp#27;[39m &amp#27;[37m/session/f5791c54-516f-4c1b-8a5f-3f594ad15b51/element/00000000-0000-0055-ffff-ffff0000008a/click&amp#27;[39m
&amp#27;[38;5;0m[HTTP]&amp#27;[0m &amp#27;[90m{"id":"00000000-0000-0055-ffff-ffff0000008a"}&amp#27;[39m
[debug] &amp#27;[38;5;32m[AndroidUiautomator2Driver@a46a (f5791c54)]&amp#27;[0m Calling AppiumDriver.click() with args: ["00000000-0000-0055-ffff-ffff0000008a","f5791c54-516f-4c1b-8a5f-3f594ad15b51"]
[debug] &amp#27;[38;5;32m[AndroidUiautomator2Driver@a46a (f5791c54)]&amp#27;[0m Matched '/element/00000000-0000-0055-ffff-ffff0000008a/click' to command name 'click'
[debug] &amp#27;[38;5;32m[AndroidUiautomator2Driver@a46a (f5791c54)]&amp#27;[0m Proxying [POST /element/00000000-0000-0055-ffff-ffff0000008a/click] to [POST http://127.0.0.1:8200/session/2cf476f3-3dbf-40a1-ba89-51ed09c07157/element/00000000-0000-0055-ffff-ffff0000008a/click] with body: {"element":"00000000-0000-0055-ffff-ffff0000008a"}
[debug] &amp#27;[38;5;32m[AndroidUiautomator2Driver@a46a (f5791c54)]&amp#27;[0m Got response with status 200: {"sessionId":"2cf476f3-3dbf-40a1-ba89-51ed09c07157","value":null}
[debug] &amp#27;[38;5;32m[AndroidUiautomator2Driver@a46a (f5791c54)]&amp#27;[0m Responding to client with driver.click() result: null
&amp#27;[38;5;0m[HTTP]&amp#27;[0m &amp#27;[37m<-- POST /session/f5791c54-516f-4c1b-8a5f-3f594ad15b51/element/00000000-0000-0055-ffff-ffff0000008a/click &amp#27;[39m&amp#27;[32m200&amp#27;[39m &amp#27;[90m351 ms - 14&amp#27;[39m
&amp#27;[38;5;0m[HTTP]&amp#27;[0m &amp#27;[90m&amp#27;[39m
&amp#27;[38;5;0m[HTTP]&amp#27;[0m &amp#27;[37m-->&amp#27;[39m &amp#27;[37mGET&amp#27;[39m &amp#27;[37m/session/f5791c54-516f-4c1b-8a5f-3f594ad15b51/context&amp#27;[39m
&amp#27;[38;5;0m[HTTP]&amp#27;[0m &amp#27;[90m{}&amp#27;[39m
[debug] &amp#27;[38;5;32m[AndroidUiautomator2Driver@a46a (f5791c54)]&amp#27;[0m Calling AppiumDriver.getCurrentContext() with args: ["f5791c54-516f-4c1b-8a5f-3f594ad15b51"]
[debug] &amp#27;[38;5;32m[AndroidUiautomator2Driver@a46a (f5791c54)]&amp#27;[0m Responding to client with driver.getCurrentContext() result: "NATIVE_APP"
&amp#27;[38;5;0m[HTTP]&amp#27;[0m &amp#27;[37m<-- GET /session/f5791c54-516f-4c1b-8a5f-3f594ad15b51/context &amp#27;[39m&amp#27;[32m200&amp#27;[39m &amp#27;[90m2 ms - 22&amp#27;[39m
&amp#27;[38;5;0m[HTTP]&amp#27;[0m &amp#27;[90m&amp#27;[39m
&amp#27;[38;5;0m[HTTP]&amp#27;[0m &amp#27;[37m-->&amp#27;[39m &amp#27;[37mPOST&amp#27;[39m &amp#27;[37m/session/f5791c54-516f-4c1b-8a5f-3f594ad15b51/element&amp#27;[39m
&amp#27;[38;5;0m[HTTP]&amp#27;[0m &amp#27;[90m{"using":"id","value":"com.android.permissioncontroller:id/permission_deny_button"}&amp#27;[39m
[debug] &amp#27;[38;5;32m[AndroidUiautomator2Driver@a46a (f5791c54)]&amp#27;[0m Calling AppiumDriver.findElement() with args: ["id","com.android.permissioncontroller:id/permission_deny_button","f5791c54-516f-4c1b-8a5f-3f594ad15b51"]
[debug] &amp#27;[38;5;32m[AndroidUiautomator2Driver@a46a (f5791c54)]&amp#27;[0m Valid locator strategies for this request: xpath, id, class name, accessibility id, css selector, -android uiautomator
[debug] &amp#27;[38;5;32m[AndroidUiautomator2Driver@a46a (f5791c54)]&amp#27;[0m Waiting up to 10000 ms for condition
[debug] &amp#27;[38;5;32m[AndroidUiautomator2Driver@a46a (f5791c54)]&amp#27;[0m Matched '/element' to command name 'findElement'
[debug] &amp#27;[38;5;32m[AndroidUiautomator2Driver@a46a (f5791c54)]&amp#27;[0m Proxying [POST /element] to [POST http://127.0.0.1:8200/session/2cf476f3-3dbf-40a1-ba89-51ed09c07157/element] with body: {"strategy":"id","selector":"com.android.permissioncontroller:id/permission_deny_button","context":"","multiple":false}
&amp#27;[38;5;32m[AndroidUiautomator2Driver@a46a (f5791c54)]&amp#27;[0m Got response with status 404: {"sessionId":"2cf476f3-3dbf-40a1-ba89-51ed09c07157","value":{"error":"no such element","message":"An element could not be located on the page using the given search parameters","stacktrace":"io.appium.uiautomator2.common.exceptions.ElementNotFoundException: An element could not be located on the page using the given search parameters\n\tat io.appium.uiautomator2.handler.FindElement.safeHandle(FindElement.java:63)\n\tat io.appium.uiautomator2.handler.request.SafeRequestHandler.handle(SafeRequestHandler.java:59)\n\tat io.appium.uiautomator2.server.AppiumServlet.handleRequest(AppiumServlet.java:277)\n\tat io.appium.uiautomator2.server.AppiumServlet.handleHttpRequest(AppiumServlet.java:271)\n\tat io.appium.uiautomator2.http.ServerHandler.channelRead(ServerHandler.java:77)\n\tat io.netty.channel.AbstractChannelHandlerContext.invokeChannelRead(AbstractChannelHandlerContext.java:366)\n\tat io.netty.channel.AbstractChannelHandlerContext.invokeChannelRead(AbstractChannelHandlerContext.java:352)\n\tat io.netty.chann...
[debug] &amp#27;[38;5;128m[W3C]&amp#27;[0m Matched W3C error code 'no such element' to NoSuchElementError
[debug] &amp#27;[38;5;32m[AndroidUiautomator2Driver@a46a (f5791c54)]&amp#27;[0m Waited for 1188 ms so far
[debug] &amp#27;[38;5;32m[AndroidUiautomator2Driver@a46a (f5791c54)]&amp#27;[0m Matched '/element' to command name 'findElement'
[debug] &amp#27;[38;5;32m[AndroidUiautomator2Driver@a46a (f5791c54)]&amp#27;[0m Proxying [POST /element] to [POST http://127.0.0.1:8200/session/2cf476f3-3dbf-40a1-ba89-51ed09c07157/element] with body: {"strategy":"id","selector":"com.android.permissioncontroller:id/permission_deny_button","context":"","multiple":false}
[debug] &amp#27;[38;5;32m[AndroidUiautomator2Driver@a46a (f5791c54)]&amp#27;[0m Got response with status 200: {"sessionId":"2cf476f3-3dbf-40a1-ba89-51ed09c07157","value":{"ELEMENT":"00000000-0000-0058-ffff-ffff00000087","element-6066-11e4-a52e-4f735466cecf":"00000000-0000-0058-ffff-ffff00000087"}}
[debug] &amp#27;[38;5;32m[AndroidUiautomator2Driver@a46a (f5791c54)]&amp#27;[0m Responding to client with driver.findElement() result: {"element-6066-11e4-a52e-4f735466cecf":"00000000-0000-0058-ffff-ffff00000087","ELEMENT":"00000000-0000-0058-ffff-ffff00000087"}
&amp#27;[38;5;0m[HTTP]&amp#27;[0m &amp#27;[37m<-- POST /session/f5791c54-516f-4c1b-8a5f-3f594ad15b51/element &amp#27;[39m&amp#27;[32m200&amp#27;[39m &amp#27;[90m2786 ms - 137&amp#27;[39m
&amp#27;[38;5;0m[HTTP]&amp#27;[0m &amp#27;[90m&amp#27;[39m
&amp#27;[38;5;0m[HTTP]&amp#27;[0m &amp#27;[37m-->&amp#27;[39m &amp#27;[37mPOST&amp#27;[39m &amp#27;[37m/session/f5791c54-516f-4c1b-8a5f-3f594ad15b51/element/00000000-0000-0058-ffff-ffff00000087/click&amp#27;[39m
&amp#27;[38;5;0m[HTTP]&amp#27;[0m &amp#27;[90m{"id":"00000000-0000-0058-ffff-ffff00000087"}&amp#27;[39m
[debug] &amp#27;[38;5;32m[AndroidUiautomator2Driver@a46a (f5791c54)]&amp#27;[0m Calling AppiumDriver.click() with args: ["00000000-0000-0058-ffff-ffff00000087","f5791c54-516f-4c1b-8a5f-3f594ad15b51"]
[debug] &amp#27;[38;5;32m[AndroidUiautomator2Driver@a46a (f5791c54)]&amp#27;[0m Matched '/element/00000000-0000-0058-ffff-ffff00000087/click' to command name 'click'
[debug] &amp#27;[38;5;32m[AndroidUiautomator2Driver@a46a (f5791c54)]&amp#27;[0m Proxying [POST /element/00000000-0000-0058-ffff-ffff00000087/click] to [POST http://127.0.0.1:8200/session/2cf476f3-3dbf-40a1-ba89-51ed09c07157/element/00000000-0000-0058-ffff-ffff00000087/click] with body: {"element":"00000000-0000-0058-ffff-ffff00000087"}
[debug] &amp#27;[38;5;32m[AndroidUiautomator2Driver@a46a (f5791c54)]&amp#27;[0m Got response with status 200: {"sessionId":"2cf476f3-3dbf-40a1-ba89-51ed09c07157","value":null}
[debug] &amp#27;[38;5;32m[AndroidUiautomator2Driver@a46a (f5791c54)]&amp#27;[0m Responding to client with driver.click() result: null
&amp#27;[38;5;0m[HTTP]&amp#27;[0m &amp#27;[37m<-- POST /session/f5791c54-516f-4c1b-8a5f-3f594ad15b51/element/00000000-0000-0058-ffff-ffff00000087/click &amp#27;[39m&amp#27;[32m200&amp#27;[39m &amp#27;[90m594 ms - 14&amp#27;[39m
&amp#27;[38;5;0m[HTTP]&amp#27;[0m &amp#27;[90m&amp#27;[39m
&amp#27;[38;5;0m[HTTP]&amp#27;[0m &amp#27;[37m-->&amp#27;[39m &amp#27;[37mGET&amp#27;[39m &amp#27;[37m/session/f5791c54-516f-4c1b-8a5f-3f594ad15b51/context&amp#27;[39m
&amp#27;[38;5;0m[HTTP]&amp#27;[0m &amp#27;[90m{}&amp#27;[39m
[debug] &amp#27;[38;5;32m[AndroidUiautomator2Driver@a46a (f5791c54)]&amp#27;[0m Calling AppiumDriver.getCurrentContext() with args: ["f5791c54-516f-4c1b-8a5f-3f594ad15b51"]
[debug] &amp#27;[38;5;32m[AndroidUiautomator2Driver@a46a (f5791c54)]&amp#27;[0m Responding to client with driver.getCurrentContext() result: "NATIVE_APP"
&amp#27;[38;5;0m[HTTP]&amp#27;[0m &amp#27;[37m<-- GET /session/f5791c54-516f-4c1b-8a5f-3f594ad15b51/context &amp#27;[39m&amp#27;[32m200&amp#27;[39m &amp#27;[90m2 ms - 22&amp#27;[39m
&amp#27;[38;5;0m[HTTP]&amp#27;[0m &amp#27;[90m&amp#27;[39m
&amp#27;[38;5;0m[HTTP]&amp#27;[0m &amp#27;[37m-->&amp#27;[39m &amp#27;[37mPOST&amp#27;[39m &amp#27;[37m/session/f5791c54-516f-4c1b-8a5f-3f594ad15b51/element&amp#27;[39m
&amp#27;[38;5;0m[HTTP]&amp#27;[0m &amp#27;[90m{"using":"id","value":"com.fivemobile.thescore:id/dismiss_modal"}&amp#27;[39m
[debug] &amp#27;[38;5;32m[AndroidUiautomator2Driver@a46a (f5791c54)]&amp#27;[0m Calling AppiumDriver.findElement() with args: ["id","com.fivemobile.thescore:id/dismiss_modal","f5791c54-516f-4c1b-8a5f-3f594ad15b51"]
[debug] &amp#27;[38;5;32m[AndroidUiautomator2Driver@a46a (f5791c54)]&amp#27;[0m Valid locator strategies for this request: xpath, id, class name, accessibility id, css selector, -android uiautomator
[debug] &amp#27;[38;5;32m[AndroidUiautomator2Driver@a46a (f5791c54)]&amp#27;[0m Waiting up to 10000 ms for condition
[debug] &amp#27;[38;5;32m[AndroidUiautomator2Driver@a46a (f5791c54)]&amp#27;[0m Matched '/element' to command name 'findElement'
[debug] &amp#27;[38;5;32m[AndroidUiautomator2Driver@a46a (f5791c54)]&amp#27;[0m Proxying [POST /element] to [POST http://127.0.0.1:8200/session/2cf476f3-3dbf-40a1-ba89-51ed09c07157/element] with body: {"strategy":"id","selector":"com.fivemobile.thescore:id/dismiss_modal","context":"","multiple":false}
[...]
[debug] &amp#27;[38;5;32m[AndroidUiautomator2Driver@a46a (f5791c54)]&amp#27;[0m Proxying [POST /element] to [POST http://127.0.0.1:8200/session/2cf476f3-3dbf-40a1-ba89-51ed09c07157/element] with body: {"strategy":"xpath","selector":"//android.widget.TextView[@text='LEADERS']","context":"","multiple":false}
[debug] &amp#27;[38;5;32m[AndroidUiautomator2Driver@a46a (f5791c54)]&amp#27;[0m Got response with status 200: {"sessionId":"2cf476f3-3dbf-40a1-ba89-51ed09c07157","value":{"ELEMENT":"00000000-0000-0055-ffff-ffff000008db","element-6066-11e4-a52e-4f735466cecf":"00000000-0000-0055-ffff-ffff000008db"}}
[debug] &amp#27;[38;5;32m[AndroidUiautomator2Driver@a46a (f5791c54)]&amp#27;[0m Responding to client with driver.findElement() result: {"element-6066-11e4-a52e-4f735466cecf":"00000000-0000-0055-ffff-ffff000008db","ELEMENT":"00000000-0000-0055-ffff-ffff000008db"}
&amp#27;[38;5;0m[HTTP]&amp#27;[0m &amp#27;[37m<-- POST /session/f5791c54-516f-4c1b-8a5f-3f594ad15b51/element &amp#27;[39m&amp#27;[32m200&amp#27;[39m &amp#27;[90m2829 ms - 137&amp#27;[39m
&amp#27;[38;5;0m[HTTP]&amp#27;[0m &amp#27;[90m&amp#27;[39m
&amp#27;[38;5;0m[HTTP]&amp#27;[0m &amp#27;[37m-->&amp#27;[39m &amp#27;[37mPOST&amp#27;[39m &amp#27;[37m/session/f5791c54-516f-4c1b-8a5f-3f594ad15b51/element/00000000-0000-0055-ffff-ffff000008db/click&amp#27;[39m
&amp#27;[38;5;0m[HTTP]&amp#27;[0m &amp#27;[90m{"id":"00000000-0000-0055-ffff-ffff000008db"}&amp#27;[39m
[debug] &amp#27;[38;5;32m[AndroidUiautomator2Driver@a46a (f5791c54)]&amp#27;[0m Calling AppiumDriver.click() with args: ["00000000-0000-0055-ffff-ffff000008db","f5791c54-516f-4c1b-8a5f-3f594ad15b51"]
[debug] &amp#27;[38;5;32m[AndroidUiautomator2Driver@a46a (f5791c54)]&amp#27;[0m Matched '/element/00000000-0000-0055-ffff-ffff000008db/click' to command name 'click'
[debug] &amp#27;[38;5;32m[AndroidUiautomator2Driver@a46a (f5791c54)]&amp#27;[0m Proxying [POST /element/00000000-0000-0055-ffff-ffff000008db/click] to [POST http://127.0.0.1:8200/session/2cf476f3-3dbf-40a1-ba89-51ed09c07157/element/00000000-0000-0055-ffff-ffff000008db/click] with body: {"element":"00000000-0000-0055-ffff-ffff000008db"}
[debug] &amp#27;[38;5;32m[AndroidUiautomator2Driver@a46a (f5791c54)]&amp#27;[0m Got response with status 200: {"sessionId":"2cf476f3-3dbf-40a1-ba89-51ed09c07157","value":null}
[debug] &amp#27;[38;5;32m[AndroidUiautomator2Driver@a46a (f5791c54)]&amp#27;[0m Responding to client with driver.click() result: null
&amp#27;[38;5;0m[HTTP]&amp#27;[0m &amp#27;[37m<-- POST /session/f5791c54-516f-4c1b-8a5f-3f594ad15b51/element/00000000-0000-0055-ffff-ffff000008db/click &amp#27;[39m&amp#27;[32m200&amp#27;[39m &amp#27;[90m957 ms - 14&amp#27;[39m
&amp#27;[38;5;0m[HTTP]&amp#27;[0m &amp#27;[90m&amp#27;[39m
&amp#27;[38;5;0m[HTTP]&amp#27;[0m &amp#27;[37m-->&amp#27;[39m &amp#27;[37mGET&amp#27;[39m &amp#27;[37m/session/f5791c54-516f-4c1b-8a5f-3f594ad15b51/context&amp#27;[39m
&amp#27;[38;5;0m[HTTP]&amp#27;[0m &amp#27;[90m{}&amp#27;[39m
[debug] &amp#27;[38;5;32m[AndroidUiautomator2Driver@a46a (f5791c54)]&amp#27;[0m Calling AppiumDriver.getCurrentContext() with args: ["f5791c54-516f-4c1b-8a5f-3f594ad15b51"]
[debug] &amp#27;[38;5;32m[AndroidUiautomator2Driver@a46a (f5791c54)]&amp#27;[0m Responding to client with driver.getCurrentContext() result: "NATIVE_APP"
&amp#27;[38;5;0m[HTTP]&amp#27;[0m &amp#27;[37m<-- GET /session/f5791c54-516f-4c1b-8a5f-3f594ad15b51/context &amp#27;[39m&amp#27;[32m200&amp#27;[39m &amp#27;[90m2 ms - 22&amp#27;[39m
&amp#27;[38;5;0m[HTTP]&amp#27;[0m &amp#27;[90m&amp#27;[39m
&amp#27;[38;5;0m[HTTP]&amp#27;[0m &amp#27;[37m-->&amp#27;[39m &amp#27;[37mPOST&amp#27;[39m &amp#27;[37m/session/f5791c54-516f-4c1b-8a5f-3f594ad15b51/element&amp#27;[39m
&amp#27;[38;5;0m[HTTP]&amp#27;[0m &amp#27;[90m{"using":"xpath","value":"//android.view.ViewGroup[@resource-id='com.fivemobile.thescore:id/big_leader']"}&amp#27;[39m
[debug] &amp#27;[38;5;32m[AndroidUiautomator2Driver@a46a (f5791c54)]&amp#27;[0m Calling AppiumDriver.findElement() with args: ["xpath","//android.view.ViewGroup[@resource-id='com.fivemobile.thescore:id/big_leader']","f5791c54-516f-4c1b-8a5f-3f594ad15b51"]
[debug] &amp#27;[38;5;32m[AndroidUiautomator2Driver@a46a (f5791c54)]&amp#27;[0m Valid locator strategies for this request: xpath, id, class name, accessibility id, css selector, -android uiautomator
[debug] &amp#27;[38;5;32m[AndroidUiautomator2Driver@a46a (f5791c54)]&amp#27;[0m Waiting up to 10000 ms for condition
[debug] &amp#27;[38;5;32m[AndroidUiautomator2Driver@a46a (f5791c54)]&amp#27;[0m Matched '/element' to command name 'findElement'
[debug] &amp#27;[38;5;32m[AndroidUiautomator2Driver@a46a (f5791c54)]&amp#27;[0m Proxying [POST /element] to [POST http://127.0.0.1:8200/session/2cf476f3-3dbf-40a1-ba89-51ed09c07157/element] with body: {"strategy":"xpath","selector":"//android.view.ViewGroup[@resource-id='com.fivemobile.thescore:id/big_leader']","context":"","multiple":false}
&amp#27;[38;5;32m[AndroidUiautomator2Driver@a46a (f5791c54)]&amp#27;[0m Got response with status 404: {"sessionId":"2cf476f3-3dbf-40a1-ba89-51ed09c07157","value":{"error":"no such element","message":"An element could not be located on the page using the given search parameters","stacktrace":"io.appium.uiautomator2.common.exceptions.ElementNotFoundException: An element could not be located on the page using the given search parameters\n\tat io.appium.uiautomator2.utils.ElementLocationHelpers.findElement(ElementLocationHelpers.java:156)\n\tat io.appium.uiautomator2.handler.FindElement.safeHandle(FindElement.java:60)\n\tat io.appium.uiautomator2.handler.request.SafeRequestHandler.handle(SafeRequestHandler.java:59)\n\tat io.appium.uiautomator2.server.AppiumServlet.handleRequest(AppiumServlet.java:277)\n\tat io.appium.uiautomator2.server.AppiumServlet.handleHttpRequest(AppiumServlet.java:271)\n\tat io.appium.uiautomator2.http.ServerHandler.channelRead(ServerHandler.java:77)\n\tat io.netty.channel.AbstractChannelHandlerContext.invokeChannelRead(AbstractChannelHandlerContext.java:366)\n\tat io.netty.channel.Abstr...
[debug] &amp#27;[38;5;128m[W3C]&amp#27;[0m Matched W3C error code 'no such element' to NoSuchElementError
[debug] &amp#27;[38;5;32m[AndroidUiautomator2Driver@a46a (f5791c54)]&amp#27;[0m Waited for 4505 ms so far
[debug] &amp#27;[38;5;32m[AndroidUiautomator2Driver@a46a (f5791c54)]&amp#27;[0m Matched '/element' to command name 'findElement'
[debug] &amp#27;[38;5;32m[AndroidUiautomator2Driver@a46a (f5791c54)]&amp#27;[0m Proxying [POST /element] to [POST http://127.0.0.1:8200/session/2cf476f3-3dbf-40a1-ba89-51ed09c07157/element] with body: {"strategy":"xpath","selector":"//android.view.ViewGroup[@resource-id='com.fivemobile.thescore:id/big_leader']","context":"","multiple":false}
&amp#27;[38;5;32m[AndroidUiautomator2Driver@a46a (f5791c54)]&amp#27;[0m Got response with status 404: {"sessionId":"2cf476f3-3dbf-40a1-ba89-51ed09c07157","value":{"error":"no such element","message":"An element could not be located on the page using the given search parameters","stacktrace":"io.appium.uiautomator2.common.exceptions.ElementNotFoundException: An element could not be located on the page using the given search parameters\n\tat io.appium.uiautomator2.utils.ElementLocationHelpers.findElement(ElementLocationHelpers.java:156)\n\tat io.appium.uiautomator2.handler.FindElement.safeHandle(FindElement.java:60)\n\tat io.appium.uiautomator2.handler.request.SafeRequestHandler.handle(SafeRequestHandler.java:59)\n\tat io.appium.uiautomator2.server.AppiumServlet.handleRequest(AppiumServlet.java:277)\n\tat io.appium.uiautomator2.server.AppiumServlet.handleHttpRequest(AppiumServlet.java:271)\n\tat io.appium.uiautomator2.http.ServerHandler.channelRead(ServerHandler.java:77)\n\tat io.netty.channel.AbstractChannelHandlerContext.invokeChannelRead(AbstractChannelHandlerContext.java:366)\n\tat io.netty.channel.Abstr...
[debug] &amp#27;[38;5;128m[W3C]&amp#27;[0m Matched W3C error code 'no such element' to NoSuchElementError
[debug] &amp#27;[38;5;32m[AndroidUiautomator2Driver@a46a (f5791c54)]&amp#27;[0m Waited for 6132 ms so far
[debug] &amp#27;[38;5;32m[AndroidUiautomator2Driver@a46a (f5791c54)]&amp#27;[0m Matched '/element' to command name 'findElement'
[debug] &amp#27;[38;5;32m[AndroidUiautomator2Driver@a46a (f5791c54)]&amp#27;[0m Proxying [POST /element] to [POST http://127.0.0.1:8200/session/2cf476f3-3dbf-40a1-ba89-51ed09c07157/element] with body: {"strategy":"xpath","selector":"//android.view.ViewGroup[@resource-id='com.fivemobile.thescore:id/big_leader']","context":"","multiple":false}
[debug] &amp#27;[38;5;32m[AndroidUiautomator2Driver@a46a (f5791c54)]&amp#27;[0m Got response with status 200: {"sessionId":"2cf476f3-3dbf-40a1-ba89-51ed09c07157","value":{"ELEMENT":"00000000-0000-0055-ffff-ffff00000b07","element-6066-11e4-a52e-4f735466cecf":"00000000-0000-0055-ffff-ffff00000b07"}}
[debug] &amp#27;[38;5;32m[AndroidUiautomator2Driver@a46a (f5791c54)]&amp#27;[0m Responding to client with driver.findElement() result: {"element-6066-11e4-a52e-4f735466cecf":"00000000-0000-0055-ffff-ffff00000b07","ELEMENT":"00000000-0000-0055-ffff-ffff00000b07"}
&amp#27;[38;5;0m[HTTP]&amp#27;[0m &amp#27;[37m<-- POST /session/f5791c54-516f-4c1b-8a5f-3f594ad15b51/element &amp#27;[39m&amp#27;[32m200&amp#27;[39m &amp#27;[90m10679 ms - 137&amp#27;[39m
&amp#27;[38;5;0m[HTTP]&amp#27;[0m &amp#27;[90m&amp#27;[39m
&amp#27;[38;5;0m[HTTP]&amp#27;[0m &amp#27;[37m-->&amp#27;[39m &amp#27;[37mGET&amp#27;[39m &amp#27;[37m/session/f5791c54-516f-4c1b-8a5f-3f594ad15b51/element/00000000-0000-0055-ffff-ffff00000b07/displayed&amp#27;[39m
&amp#27;[38;5;0m[HTTP]&amp#27;[0m &amp#27;[90m{}&amp#27;[39m
[debug] &amp#27;[38;5;32m[AndroidUiautomator2Driver@a46a (f5791c54)]&amp#27;[0m Calling AppiumDriver.elementDisplayed() with args: ["00000000-0000-0055-ffff-ffff00000b07","f5791c54-516f-4c1b-8a5f-3f594ad15b51"]
[debug] &amp#27;[38;5;32m[AndroidUiautomator2Driver@a46a (f5791c54)]&amp#27;[0m Matched '/element/00000000-0000-0055-ffff-ffff00000b07/attribute/displayed' to command name 'getAttribute'
[debug] &amp#27;[38;5;32m[AndroidUiautomator2Driver@a46a (f5791c54)]&amp#27;[0m Proxying [GET /element/00000000-0000-0055-ffff-ffff00000b07/attribute/displayed] to [GET http://127.0.0.1:8200/session/2cf476f3-3dbf-40a1-ba89-51ed09c07157/element/00000000-0000-0055-ffff-ffff00000b07/attribute/displayed] with no body
[debug] &amp#27;[38;5;32m[AndroidUiautomator2Driver@a46a (f5791c54)]&amp#27;[0m Got response with status 200: {"sessionId":"2cf476f3-3dbf-40a1-ba89-51ed09c07157","value":"true"}
[debug] &amp#27;[38;5;32m[AndroidUiautomator2Driver@a46a (f5791c54)]&amp#27;[0m Responding to client with driver.elementDisplayed() result: true
&amp#27;[38;5;0m[HTTP]&amp#27;[0m &amp#27;[37m<-- GET /session/f5791c54-516f-4c1b-8a5f-3f594ad15b51/element/00000000-0000-0055-ffff-ffff00000b07/displayed &amp#27;[39m&amp#27;[32m200&amp#27;[39m &amp#27;[90m30 ms - 14&amp#27;[39m
&amp#27;[38;5;0m[HTTP]&amp#27;[0m &amp#27;[90m&amp#27;[39m
&amp#27;[38;5;0m[HTTP]&amp#27;[0m &amp#27;[37m-->&amp#27;[39m &amp#27;[37mGET&amp#27;[39m &amp#27;[37m/session/f5791c54-516f-4c1b-8a5f-3f594ad15b51/context&amp#27;[39m
&amp#27;[38;5;0m[HTTP]&amp#27;[0m &amp#27;[90m{}&amp#27;[39m
[debug] &amp#27;[38;5;32m[AndroidUiautomator2Driver@a46a (f5791c54)]&amp#27;[0m Calling AppiumDriver.getCurrentContext() with args: ["f5791c54-516f-4c1b-8a5f-3f594ad15b51"]
[debug] &amp#27;[38;5;32m[AndroidUiautomator2Driver@a46a (f5791c54)]&amp#27;[0m Responding to client with driver.getCurrentContext() result: "NATIVE_APP"
&amp#27;[38;5;0m[HTTP]&amp#27;[0m &amp#27;[37m<-- GET /session/f5791c54-516f-4c1b-8a5f-3f594ad15b51/context &amp#27;[39m&amp#27;[32m200&amp#27;[39m &amp#27;[90m2 ms - 22&amp#27;[39m
&amp#27;[38;5;0m[HTTP]&amp#27;[0m &amp#27;[90m&amp#27;[39m
&amp#27;[38;5;0m[HTTP]&amp#27;[0m &amp#27;[37m-->&amp#27;[39m &amp#27;[37mPOST&amp#27;[39m &amp#27;[37m/session/f5791c54-516f-4c1b-8a5f-3f594ad15b51/element&amp#27;[39m
&amp#27;[38;5;0m[HTTP]&amp#27;[0m &amp#27;[90m{"using":"accessibility id","value":"Navigate up"}&amp#27;[39m
[debug] &amp#27;[38;5;32m[AndroidUiautomator2Driver@a46a (f5791c54)]&amp#27;[0m Calling AppiumDriver.findElement() with args: ["accessibility id","Navigate up","f5791c54-516f-4c1b-8a5f-3f594ad15b51"]
[debug] &amp#27;[38;5;32m[AndroidUiautomator2Driver@a46a (f5791c54)]&amp#27;[0m Valid locator strategies for this request: xpath, id, class name, accessibility id, css selector, -android uiautomator
[debug] &amp#27;[38;5;32m[AndroidUiautomator2Driver@a46a (f5791c54)]&amp#27;[0m Waiting up to 10000 ms for condition
[debug] &amp#27;[38;5;32m[AndroidUiautomator2Driver@a46a (f5791c54)]&amp#27;[0m Matched '/element' to command name 'findElement'
[debug] &amp#27;[38;5;32m[AndroidUiautomator2Driver@a46a (f5791c54)]&amp#27;[0m Proxying [POST /element] to [POST http://127.0.0.1:8200/session/2cf476f3-3dbf-40a1-ba89-51ed09c07157/element] with body: {"strategy":"accessibility id","selector":"Navigate up","context":"","multiple":false}
[debug] &amp#27;[38;5;32m[AndroidUiautomator2Driver@a46a (f5791c54)]&amp#27;[0m Got response with status 200: {"sessionId":"2cf476f3-3dbf-40a1-ba89-51ed09c07157","value":{"ELEMENT":"00000000-0000-0055-ffff-ffff00000898","element-6066-11e4-a52e-4f735466cecf":"00000000-0000-0055-ffff-ffff00000898"}}
[debug] &amp#27;[38;5;32m[AndroidUiautomator2Driver@a46a (f5791c54)]&amp#27;[0m Responding to client with driver.findElement() result: {"element-6066-11e4-a52e-4f735466cecf":"00000000-0000-0055-ffff-ffff00000898","ELEMENT":"00000000-0000-0055-ffff-ffff00000898"}
&amp#27;[38;5;0m[HTTP]&amp#27;[0m &amp#27;[37m<-- POST /session/f5791c54-516f-4c1b-8a5f-3f594ad15b51/element &amp#27;[39m&amp#27;[32m200&amp#27;[39m &amp#27;[90m73 ms - 137&amp#27;[39m
&amp#27;[38;5;0m[HTTP]&amp#27;[0m &amp#27;[90m&amp#27;[39m
&amp#27;[38;5;0m[HTTP]&amp#27;[0m &amp#27;[37m-->&amp#27;[39m &amp#27;[37mPOST&amp#27;[39m &amp#27;[37m/session/f5791c54-516f-4c1b-8a5f-3f594ad15b51/element/00000000-0000-0055-ffff-ffff00000898/click&amp#27;[39m
&amp#27;[38;5;0m[HTTP]&amp#27;[0m &amp#27;[90m{"id":"00000000-0000-0055-ffff-ffff00000898"}&amp#27;[39m
[debug] &amp#27;[38;5;32m[AndroidUiautomator2Driver@a46a (f5791c54)]&amp#27;[0m Calling AppiumDriver.click() with args: ["00000000-0000-0055-ffff-ffff00000898","f5791c54-516f-4c1b-8a5f-3f594ad15b51"]
[debug] &amp#27;[38;5;32m[AndroidUiautomator2Driver@a46a (f5791c54)]&amp#27;[0m Matched '/element/00000000-0000-0055-ffff-ffff00000898/click' to command name 'click'
[debug] &amp#27;[38;5;32m[AndroidUiautomator2Driver@a46a (f5791c54)]&amp#27;[0m Proxying [POST /element/00000000-0000-0055-ffff-ffff00000898/click] to [POST http://127.0.0.1:8200/session/2cf476f3-3dbf-40a1-ba89-51ed09c07157/element/00000000-0000-0055-ffff-ffff00000898/click] with body: {"element":"00000000-0000-0055-ffff-ffff00000898"}
[debug] &amp#27;[38;5;32m[AndroidUiautomator2Driver@a46a (f5791c54)]&amp#27;[0m Got response with status 200: {"sessionId":"2cf476f3-3dbf-40a1-ba89-51ed09c07157","value":null}
[debug] &amp#27;[38;5;32m[AndroidUiautomator2Driver@a46a (f5791c54)]&amp#27;[0m Responding to client with driver.click() result: null
&amp#27;[38;5;0m[HTTP]&amp#27;[0m &amp#27;[37m<-- POST /session/f5791c54-516f-4c1b-8a5f-3f594ad15b51/element/00000000-0000-0055-ffff-ffff00000898/click &amp#27;[39m&amp#27;[32m200&amp#27;[39m &amp#27;[90m113 ms - 14&amp#27;[39m
&amp#27;[38;5;0m[HTTP]&amp#27;[0m &amp#27;[90m&amp#27;[39m
&amp#27;[38;5;0m[HTTP]&amp#27;[0m &amp#27;[37m-->&amp#27;[39m &amp#27;[37mGET&amp#27;[39m &amp#27;[37m/session/f5791c54-516f-4c1b-8a5f-3f594ad15b51/context&amp#27;[39m
&amp#27;[38;5;0m[HTTP]&amp#27;[0m &amp#27;[90m{}&amp#27;[39m
[debug] &amp#27;[38;5;32m[AndroidUiautomator2Driver@a46a (f5791c54)]&amp#27;[0m Calling AppiumDriver.getCurrentContext() with args: ["f5791c54-516f-4c1b-8a5f-3f594ad15b51"]
[debug] &amp#27;[38;5;32m[AndroidUiautomator2Driver@a46a (f5791c54)]&amp#27;[0m Responding to client with driver.getCurrentContext() result: "NATIVE_APP"
&amp#27;[38;5;0m[HTTP]&amp#27;[0m &amp#27;[37m<-- GET /session/f5791c54-516f-4c1b-8a5f-3f594ad15b51/context &amp#27;[39m&amp#27;[32m200&amp#27;[39m &amp#27;[90m3 ms - 22&amp#27;[39m
&amp#27;[38;5;0m[HTTP]&amp#27;[0m &amp#27;[90m&amp#27;[39m
&amp#27;[38;5;0m[HTTP]&amp#27;[0m &amp#27;[37m-->&amp#27;[39m &amp#27;[37mPOST&amp#27;[39m &amp#27;[37m/session/f5791c54-516f-4c1b-8a5f-3f594ad15b51/element&amp#27;[39m
&amp#27;[38;5;0m[HTTP]&amp#27;[0m &amp#27;[90m{"using":"id","value":"com.fivemobile.thescore:id/titleTextView"}&amp#27;[39m
[debug] &amp#27;[38;5;32m[AndroidUiautomator2Driver@a46a (f5791c54)]&amp#27;[0m Calling AppiumDriver.findElement() with args: ["id","com.fivemobile.thescore:id/titleTextView","f5791c54-516f-4c1b-8a5f-3f594ad15b51"]
[debug] &amp#27;[38;5;32m[AndroidUiautomator2Driver@a46a (f5791c54)]&amp#27;[0m Valid locator strategies for this request: xpath, id, class name, accessibility id, css selector, -android uiautomator
[debug] &amp#27;[38;5;32m[AndroidUiautomator2Driver@a46a (f5791c54)]&amp#27;[0m Waiting up to 10000 ms for condition
[debug] &amp#27;[38;5;32m[AndroidUiautomator2Driver@a46a (f5791c54)]&amp#27;[0m Matched '/element' to command name 'findElement'
[debug] &amp#27;[38;5;32m[AndroidUiautomator2Driver@a46a (f5791c54)]&amp#27;[0m Proxying [POST /element] to [POST http://127.0.0.1:8200/session/2cf476f3-3dbf-40a1-ba89-51ed09c07157/element] with body: {"strategy":"id","selector":"com.fivemobile.thescore:id/titleTextView","context":"","multiple":false}
[debug] &amp#27;[38;5;32m[AndroidUiautomator2Driver@a46a (f5791c54)]&amp#27;[0m Got response with status 200: {"sessionId":"2cf476f3-3dbf-40a1-ba89-51ed09c07157","value":{"ELEMENT":"00000000-0000-0055-ffff-ffff00000bfb","element-6066-11e4-a52e-4f735466cecf":"00000000-0000-0055-ffff-ffff00000bfb"}}
[debug] &amp#27;[38;5;32m[AndroidUiautomator2Driver@a46a (f5791c54)]&amp#27;[0m Responding to client with driver.findElement() result: {"element-6066-11e4-a52e-4f735466cecf":"00000000-0000-0055-ffff-ffff00000bfb","ELEMENT":"00000000-0000-0055-ffff-ffff00000bfb"}
&amp#27;[38;5;0m[HTTP]&amp#27;[0m &amp#27;[37m<-- POST /session/f5791c54-516f-4c1b-8a5f-3f594ad15b51/element &amp#27;[39m&amp#27;[32m200&amp#27;[39m &amp#27;[90m1249 ms - 137&amp#27;[39m
&amp#27;[38;5;0m[HTTP]&amp#27;[0m &amp#27;[90m&amp#27;[39m
&amp#27;[38;5;0m[HTTP]&amp#27;[0m &amp#27;[37m-->&amp#27;[39m &amp#27;[37mGET&amp#27;[39m &amp#27;[37m/session/f5791c54-516f-4c1b-8a5f-3f594ad15b51/element/00000000-0000-0055-ffff-ffff00000bfb/text&amp#27;[39m
&amp#27;[38;5;0m[HTTP]&amp#27;[0m &amp#27;[90m{}&amp#27;[39m
&amp#27;[38;5;32m[AndroidUiautomator2Driver@a46a (f5791c54)]&amp#27;[0m Driver proxy active, passing request on via HTTP proxy
[debug] &amp#27;[38;5;32m[AndroidUiautomator2Driver@a46a (f5791c54)]&amp#27;[0m Matched '/session/f5791c54-516f-4c1b-8a5f-3f594ad15b51/element/00000000-0000-0055-ffff-ffff00000bfb/text' to command name 'getText'
[debug] &amp#27;[38;5;32m[AndroidUiautomator2Driver@a46a (f5791c54)]&amp#27;[0m Proxying [GET /session/f5791c54-516f-4c1b-8a5f-3f594ad15b51/element/00000000-0000-0055-ffff-ffff00000bfb/text] to [GET http://127.0.0.1:8200/session/2cf476f3-3dbf-40a1-ba89-51ed09c07157/element/00000000-0000-0055-ffff-ffff00000bfb/text] with no body
[debug] &amp#27;[38;5;32m[AndroidUiautomator2Driver@a46a (f5791c54)]&amp#27;[0m Got response with status 200: {"sessionId":"2cf476f3-3dbf-40a1-ba89-51ed09c07157","value":"Leagues"}
&amp#27;[38;5;32m[AndroidUiautomator2Driver@a46a (f5791c54)]&amp#27;[0m Replacing sessionId 2cf476f3-3dbf-40a1-ba89-51ed09c07157 with f5791c54-516f-4c1b-8a5f-3f594ad15b51
&amp#27;[38;5;0m[HTTP]&amp#27;[0m &amp#27;[37m<-- GET /session/f5791c54-516f-4c1b-8a5f-3f594ad15b51/element/00000000-0000-0055-ffff-ffff00000bfb/text &amp#27;[39m&amp#27;[32m200&amp#27;[39m &amp#27;[90m506 ms - 70&amp#27;[39m
&amp#27;[38;5;0m[HTTP]&amp#27;[0m &amp#27;[90m&amp#27;[39m
]]></system-out>
  </testcase>
</testsuite>