<?xml version="1.0" encoding="UTF-8"?>
<testng-results ignored="0" total="3" passed="3" failed="0" skipped="0">
  <reporter-output>
  </reporter-output>
  <suite started-at="2024-04-01T19:41:46 EDT" name="Suite" finished-at="2024-04-01T19:44:17 EDT" duration-ms="151056">
    <groups>
    </groups>
    <test started-at="2024-04-01T19:41:46 EDT" name="SBETTests" finished-at="2024-04-01T19:44:17 EDT" duration-ms="151056">
      <class name="MobileTesting.Appium.TestCase_001">
        <test-method is-config="true" signature="configureAppium()[pri:0, instance:MobileTesting.Appium.TestCase_001@71529963]" started-at="2024-04-01T19:41:46 EDT" name="configureAppium" finished-at="2024-04-01T19:42:27 EDT" duration-ms="41169" status="PASS">
          <reporter-output>
          </reporter-output>
        </test-method> <!-- configureAppium -->
        <test-method signature="NaviagteToLeaugesPage()[pri:1, instance:MobileTesting.Appium.TestCase_001@71529963]" started-at="2024-04-01T19:42:27 EDT" name="NaviagteToLeaugesPage" finished-at="2024-04-01T19:43:17 EDT" duration-ms="49552" status="PASS">
          <reporter-output>
          </reporter-output>
        </test-method> <!-- NaviagteToLeaugesPage -->
        <test-method signature="verifyDifferentLeagues(java.lang.String)[pri:2, instance:MobileTesting.Appium.TestCase_001@71529963]" started-at="2024-04-01T19:43:17 EDT" name="verifyDifferentLeagues" data-provider="getData" finished-at="2024-04-01T19:43:41 EDT" duration-ms="24566" status="PASS">
          <params>
            <param index="0">
              <value>
                <![CDATA[NCAA Football]]>
              </value>
            </param>
          </params>
          <reporter-output>
          </reporter-output>
        </test-method> <!-- verifyDifferentLeagues -->
        <test-method signature="verifyDifferentLeagues(java.lang.String)[pri:2, instance:MobileTesting.Appium.TestCase_001@71529963]" started-at="2024-04-01T19:43:41 EDT" name="verifyDifferentLeagues" data-provider="getData" finished-at="2024-04-01T19:44:15 EDT" duration-ms="33471" status="PASS">
          <params>
            <param index="0">
              <value>
                <![CDATA[PGA Tour]]>
              </value>
            </param>
          </params>
          <reporter-output>
          </reporter-output>
        </test-method> <!-- verifyDifferentLeagues -->
        <test-method is-config="true" signature="tearDown()[pri:0, instance:MobileTesting.Appium.TestCase_001@71529963]" started-at="2024-04-01T19:44:15 EDT" name="tearDown" finished-at="2024-04-01T19:44:17 EDT" duration-ms="2165" status="PASS">
          <reporter-output>
          </reporter-output>
        </test-method> <!-- tearDown -->
      </class> <!-- MobileTesting.Appium.TestCase_001 -->
    </test> <!-- SBETTests -->
  </suite> <!-- Suite -->
</testng-results>
